[0.041s] Invoking command in '/home/hoan/colcon_ws/build/open_manipulator_x_bringup': CMAKE_PREFIX_PATH=/home/hoan/colcon_ws/install/open_manipulator_x_description:/home/hoan/ros2_ws/install/astra_camera:/home/hoan/ros2_ws/install/astra_camera_msgs:/home/hoan/colcon_ws/install/open_manipulator:/home/hoan/colcon_ws/install/open_manipulator_x_teleop:/home/hoan/colcon_ws/install/open_manipulator_x_playground:/home/hoan/colcon_ws/install/open_manipulator_x_moveit_config:/home/hoan/colcon_ws/install/open_manipulator_x_gui:/home/hoan/colcon_ws/install/open_manipulator_x_bringup:/home/hoan/colcon_ws/install/dynamixel_sdk_examples:/home/hoan/colcon_ws/install/dynamixel_sdk_custom_interfaces:/home/hoan/colcon_ws/install/dynamixel_hardware_interface:/home/hoan/colcon_ws/install/dynamixel_sdk:/home/hoan/colcon_ws/install/dynamixel_interfaces:/home/hoan/ros2_ws/install/camera_onnx_processor:/opt/ros/humble /usr/bin/cmake --build /home/hoan/colcon_ws/build/open_manipulator_x_bringup -- -j8 -l8
[0.136s] Invoked command in '/home/hoan/colcon_ws/build/open_manipulator_x_bringup' returned '0': CMAKE_PREFIX_PATH=/home/hoan/colcon_ws/install/open_manipulator_x_description:/home/hoan/ros2_ws/install/astra_camera:/home/hoan/ros2_ws/install/astra_camera_msgs:/home/hoan/colcon_ws/install/open_manipulator:/home/hoan/colcon_ws/install/open_manipulator_x_teleop:/home/hoan/colcon_ws/install/open_manipulator_x_playground:/home/hoan/colcon_ws/install/open_manipulator_x_moveit_config:/home/hoan/colcon_ws/install/open_manipulator_x_gui:/home/hoan/colcon_ws/install/open_manipulator_x_bringup:/home/hoan/colcon_ws/install/dynamixel_sdk_examples:/home/hoan/colcon_ws/install/dynamixel_sdk_custom_interfaces:/home/hoan/colcon_ws/install/dynamixel_hardware_interface:/home/hoan/colcon_ws/install/dynamixel_sdk:/home/hoan/colcon_ws/install/dynamixel_interfaces:/home/hoan/ros2_ws/install/camera_onnx_processor:/opt/ros/humble /usr/bin/cmake --build /home/hoan/colcon_ws/build/open_manipulator_x_bringup -- -j8 -l8
[0.142s] Invoking command in '/home/hoan/colcon_ws/build/open_manipulator_x_bringup': CMAKE_PREFIX_PATH=/home/hoan/colcon_ws/install/open_manipulator_x_description:/home/hoan/ros2_ws/install/astra_camera:/home/hoan/ros2_ws/install/astra_camera_msgs:/home/hoan/colcon_ws/install/open_manipulator:/home/hoan/colcon_ws/install/open_manipulator_x_teleop:/home/hoan/colcon_ws/install/open_manipulator_x_playground:/home/hoan/colcon_ws/install/open_manipulator_x_moveit_config:/home/hoan/colcon_ws/install/open_manipulator_x_gui:/home/hoan/colcon_ws/install/open_manipulator_x_bringup:/home/hoan/colcon_ws/install/dynamixel_sdk_examples:/home/hoan/colcon_ws/install/dynamixel_sdk_custom_interfaces:/home/hoan/colcon_ws/install/dynamixel_hardware_interface:/home/hoan/colcon_ws/install/dynamixel_sdk:/home/hoan/colcon_ws/install/dynamixel_interfaces:/home/hoan/ros2_ws/install/camera_onnx_processor:/opt/ros/humble /usr/bin/cmake --install /home/hoan/colcon_ws/build/open_manipulator_x_bringup
[0.154s] -- Install configuration: ""
[0.155s] -- Execute custom install script
[0.157s] -- Up-to-date symlink: /home/hoan/colcon_ws/install/open_manipulator_x_bringup/share/open_manipulator_x_bringup/launch/base.launch.py
[0.168s] -- Up-to-date symlink: /home/hoan/colcon_ws/install/open_manipulator_x_bringup/share/open_manipulator_x_bringup/launch/fake.launch.py
[0.168s] -- Up-to-date symlink: /home/hoan/colcon_ws/install/open_manipulator_x_bringup/share/open_manipulator_x_bringup/launch/gazebo.launch.py
[0.169s] -- Up-to-date symlink: /home/hoan/colcon_ws/install/open_manipulator_x_bringup/share/open_manipulator_x_bringup/launch/hardware.launch.py
[0.169s] -- Up-to-date symlink: /home/hoan/colcon_ws/install/open_manipulator_x_bringup/share/open_manipulator_x_bringup/config/gazebo_controller_manager.yaml
[0.169s] -- Up-to-date symlink: /home/hoan/colcon_ws/install/open_manipulator_x_bringup/share/open_manipulator_x_bringup/config/hardware_controller_manager.yaml
[0.169s] -- Up-to-date symlink: /home/hoan/colcon_ws/install/open_manipulator_x_bringup/share/open_manipulator_x_bringup/rviz/open_manipulator_x.rviz
[0.169s] -- Up-to-date symlink: /home/hoan/colcon_ws/install/open_manipulator_x_bringup/share/open_manipulator_x_bringup/worlds/empty_world.model
[0.169s] -- Up-to-date symlink: /home/hoan/colcon_ws/install/open_manipulator_x_bringup/share/open_manipulator_x_bringup/99-open-manipulator-cdc.rules
[0.170s] -- Up-to-date symlink: /home/hoan/colcon_ws/install/open_manipulator_x_bringup/lib/open_manipulator_x_bringup/create_udev_rules
[0.170s] -- Up-to-date symlink: /home/hoan/colcon_ws/install/open_manipulator_x_bringup/share/ament_index/resource_index/package_run_dependencies/open_manipulator_x_bringup
[0.171s] -- Up-to-date symlink: /home/hoan/colcon_ws/install/open_manipulator_x_bringup/share/ament_index/resource_index/parent_prefix_path/open_manipulator_x_bringup
[0.171s] -- Up-to-date symlink: /home/hoan/colcon_ws/install/open_manipulator_x_bringup/share/open_manipulator_x_bringup/environment/ament_prefix_path.sh
[0.172s] -- Up-to-date symlink: /home/hoan/colcon_ws/install/open_manipulator_x_bringup/share/open_manipulator_x_bringup/environment/ament_prefix_path.dsv
[0.172s] -- Up-to-date symlink: /home/hoan/colcon_ws/install/open_manipulator_x_bringup/share/open_manipulator_x_bringup/environment/path.sh
[0.172s] -- Up-to-date symlink: /home/hoan/colcon_ws/install/open_manipulator_x_bringup/share/open_manipulator_x_bringup/environment/path.dsv
[0.173s] -- Up-to-date symlink: /home/hoan/colcon_ws/install/open_manipulator_x_bringup/share/open_manipulator_x_bringup/local_setup.bash
[0.174s] -- Up-to-date symlink: /home/hoan/colcon_ws/install/open_manipulator_x_bringup/share/open_manipulator_x_bringup/local_setup.sh
[0.175s] -- Up-to-date symlink: /home/hoan/colcon_ws/install/open_manipulator_x_bringup/share/open_manipulator_x_bringup/local_setup.zsh
[0.175s] -- Up-to-date symlink: /home/hoan/colcon_ws/install/open_manipulator_x_bringup/share/open_manipulator_x_bringup/local_setup.dsv
[0.175s] -- Symlinking: /home/hoan/colcon_ws/install/open_manipulator_x_bringup/share/open_manipulator_x_bringup/package.dsv
[0.195s] -- Up-to-date symlink: /home/hoan/colcon_ws/install/open_manipulator_x_bringup/share/ament_index/resource_index/packages/open_manipulator_x_bringup
[0.195s] -- Up-to-date symlink: /home/hoan/colcon_ws/install/open_manipulator_x_bringup/share/open_manipulator_x_bringup/cmake/open_manipulator_x_bringupConfig.cmake
[0.196s] -- Up-to-date symlink: /home/hoan/colcon_ws/install/open_manipulator_x_bringup/share/open_manipulator_x_bringup/cmake/open_manipulator_x_bringupConfig-version.cmake
[0.196s] -- Up-to-date symlink: /home/hoan/colcon_ws/install/open_manipulator_x_bringup/share/open_manipulator_x_bringup/package.xml
[0.200s] Invoked command in '/home/hoan/colcon_ws/build/open_manipulator_x_bringup' returned '0': CMAKE_PREFIX_PATH=/home/hoan/colcon_ws/install/open_manipulator_x_description:/home/hoan/ros2_ws/install/astra_camera:/home/hoan/ros2_ws/install/astra_camera_msgs:/home/hoan/colcon_ws/install/open_manipulator:/home/hoan/colcon_ws/install/open_manipulator_x_teleop:/home/hoan/colcon_ws/install/open_manipulator_x_playground:/home/hoan/colcon_ws/install/open_manipulator_x_moveit_config:/home/hoan/colcon_ws/install/open_manipulator_x_gui:/home/hoan/colcon_ws/install/open_manipulator_x_bringup:/home/hoan/colcon_ws/install/dynamixel_sdk_examples:/home/hoan/colcon_ws/install/dynamixel_sdk_custom_interfaces:/home/hoan/colcon_ws/install/dynamixel_hardware_interface:/home/hoan/colcon_ws/install/dynamixel_sdk:/home/hoan/colcon_ws/install/dynamixel_interfaces:/home/hoan/ros2_ws/install/camera_onnx_processor:/opt/ros/humble /usr/bin/cmake --install /home/hoan/colcon_ws/build/open_manipulator_x_bringup
