[0.034s] Invoking command in '/home/hoan/colcon_ws/build/dynamixel_sdk': CMAKE_PREFIX_PATH=${CMAKE_PREFIX_PATH}:/home/hoan/ros2_ws/install/camera_onnx_processor:/opt/ros/humble /usr/bin/cmake --build /home/hoan/colcon_ws/build/dynamixel_sdk -- -j8 -l8
[0.142s] [  0%] Built target ament_cmake_python_symlink_dynamixel_easy_sdk
[0.142s] [  0%] Built target ament_cmake_python_symlink_dynamixel_sdk
[0.164s] [100%] Built target dynamixel_sdk
[0.818s] running egg_info
[0.821s] writing dynamixel_sdk.egg-info/PKG-INFO
[0.821s] writing dependency_links to dynamixel_sdk.egg-info/dependency_links.txt
[0.821s] writing top-level names to dynamixel_sdk.egg-info/top_level.txt
[0.831s] running egg_info
[0.833s] reading manifest file 'dynamixel_sdk.egg-info/SOURCES.txt'
[0.835s] writing dynamixel_easy_sdk.egg-info/PKG-INFO
[0.837s] writing dependency_links to dynamixel_easy_sdk.egg-info/dependency_links.txt
[0.837s] writing top-level names to dynamixel_easy_sdk.egg-info/top_level.txt
[0.838s] writing manifest file 'dynamixel_sdk.egg-info/SOURCES.txt'
[0.850s] reading manifest file 'dynamixel_easy_sdk.egg-info/SOURCES.txt'
[0.856s] writing manifest file 'dynamixel_easy_sdk.egg-info/SOURCES.txt'
[0.983s] [100%] Built target ament_cmake_python_build_dynamixel_sdk_egg
[1.002s] [100%] Built target ament_cmake_python_build_dynamixel_easy_sdk_egg
[1.023s] Invoked command in '/home/hoan/colcon_ws/build/dynamixel_sdk' returned '0': CMAKE_PREFIX_PATH=${CMAKE_PREFIX_PATH}:/home/hoan/ros2_ws/install/camera_onnx_processor:/opt/ros/humble /usr/bin/cmake --build /home/hoan/colcon_ws/build/dynamixel_sdk -- -j8 -l8
[1.048s] Invoking command in '/home/hoan/colcon_ws/build/dynamixel_sdk': CMAKE_PREFIX_PATH=${CMAKE_PREFIX_PATH}:/home/hoan/ros2_ws/install/camera_onnx_processor:/opt/ros/humble /usr/bin/cmake --install /home/hoan/colcon_ws/build/dynamixel_sdk
[1.064s] -- Install configuration: ""
[1.068s] -- Execute custom install script
[1.069s] -- Up-to-date symlink: /home/hoan/colcon_ws/install/dynamixel_sdk/include//dynamixel_easy_sdk/connector.hpp
[1.072s] -- Up-to-date symlink: /home/hoan/colcon_ws/install/dynamixel_sdk/include//dynamixel_easy_sdk/control_table.hpp
[1.073s] -- Up-to-date symlink: /home/hoan/colcon_ws/install/dynamixel_sdk/include//dynamixel_easy_sdk/data_types.hpp
[1.076s] -- Up-to-date symlink: /home/hoan/colcon_ws/install/dynamixel_sdk/include//dynamixel_easy_sdk/dynamixel_easy_sdk.hpp
[1.076s] -- Up-to-date symlink: /home/hoan/colcon_ws/install/dynamixel_sdk/include//dynamixel_easy_sdk/dynamixel_error.hpp
[1.078s] -- Up-to-date symlink: /home/hoan/colcon_ws/install/dynamixel_sdk/include//dynamixel_easy_sdk/group_executor.hpp
[1.078s] -- Up-to-date symlink: /home/hoan/colcon_ws/install/dynamixel_sdk/include//dynamixel_easy_sdk/motor.hpp
[1.079s] -- Up-to-date symlink: /home/hoan/colcon_ws/install/dynamixel_sdk/include//dynamixel_sdk/dynamixel_sdk.h
[1.080s] -- Up-to-date symlink: /home/hoan/colcon_ws/install/dynamixel_sdk/include//dynamixel_sdk/group_bulk_read.h
[1.083s] -- Up-to-date symlink: /home/hoan/colcon_ws/install/dynamixel_sdk/include//dynamixel_sdk/group_bulk_write.h
[1.084s] -- Up-to-date symlink: /home/hoan/colcon_ws/install/dynamixel_sdk/include//dynamixel_sdk/group_fast_bulk_read.h
[1.084s] -- Up-to-date symlink: /home/hoan/colcon_ws/install/dynamixel_sdk/include//dynamixel_sdk/group_fast_sync_read.h
[1.085s] -- Up-to-date symlink: /home/hoan/colcon_ws/install/dynamixel_sdk/include//dynamixel_sdk/group_handler.h
[1.085s] -- Up-to-date symlink: /home/hoan/colcon_ws/install/dynamixel_sdk/include//dynamixel_sdk/group_sync_read.h
[1.086s] -- Up-to-date symlink: /home/hoan/colcon_ws/install/dynamixel_sdk/include//dynamixel_sdk/group_sync_write.h
[1.086s] -- Up-to-date symlink: /home/hoan/colcon_ws/install/dynamixel_sdk/include//dynamixel_sdk/packet_handler.h
[1.087s] -- Up-to-date symlink: /home/hoan/colcon_ws/install/dynamixel_sdk/include//dynamixel_sdk/port_handler.h
[1.090s] -- Up-to-date symlink: /home/hoan/colcon_ws/install/dynamixel_sdk/include//dynamixel_sdk/port_handler_arduino.h
[1.091s] -- Up-to-date symlink: /home/hoan/colcon_ws/install/dynamixel_sdk/include//dynamixel_sdk/port_handler_linux.h
[1.091s] -- Up-to-date symlink: /home/hoan/colcon_ws/install/dynamixel_sdk/include//dynamixel_sdk/port_handler_mac.h
[1.092s] -- Up-to-date symlink: /home/hoan/colcon_ws/install/dynamixel_sdk/include//dynamixel_sdk/port_handler_windows.h
[1.092s] -- Up-to-date symlink: /home/hoan/colcon_ws/install/dynamixel_sdk/include//dynamixel_sdk/protocol1_packet_handler.h
[1.092s] -- Up-to-date symlink: /home/hoan/colcon_ws/install/dynamixel_sdk/include//dynamixel_sdk/protocol2_packet_handler.h
[1.096s] -- Up-to-date symlink: /home/hoan/colcon_ws/install/dynamixel_sdk/share/dynamixel_sdk/control_table/2xc430_w250.model
[1.098s] -- Up-to-date symlink: /home/hoan/colcon_ws/install/dynamixel_sdk/share/dynamixel_sdk/control_table/2xl430_w250.model
[1.098s] -- Up-to-date symlink: /home/hoan/colcon_ws/install/dynamixel_sdk/share/dynamixel_sdk/control_table/dynamixel.model
[1.099s] -- Up-to-date symlink: /home/hoan/colcon_ws/install/dynamixel_sdk/share/dynamixel_sdk/control_table/h42_20_s300_ra.model
[1.099s] -- Up-to-date symlink: /home/hoan/colcon_ws/install/dynamixel_sdk/share/dynamixel_sdk/control_table/h54_100_s500_ra.model
[1.100s] -- Up-to-date symlink: /home/hoan/colcon_ws/install/dynamixel_sdk/share/dynamixel_sdk/control_table/h54_200_s500_ra.model
[1.100s] -- Up-to-date symlink: /home/hoan/colcon_ws/install/dynamixel_sdk/share/dynamixel_sdk/control_table/m42_10_s260_ra.model
[1.100s] -- Up-to-date symlink: /home/hoan/colcon_ws/install/dynamixel_sdk/share/dynamixel_sdk/control_table/m54_40_s250_ra.model
[1.101s] -- Up-to-date symlink: /home/hoan/colcon_ws/install/dynamixel_sdk/share/dynamixel_sdk/control_table/m54_60_s250_ra.model
[1.101s] -- Up-to-date symlink: /home/hoan/colcon_ws/install/dynamixel_sdk/share/dynamixel_sdk/control_table/mx_106.model
[1.101s] -- Up-to-date symlink: /home/hoan/colcon_ws/install/dynamixel_sdk/share/dynamixel_sdk/control_table/mx_28.model
[1.102s] -- Up-to-date symlink: /home/hoan/colcon_ws/install/dynamixel_sdk/share/dynamixel_sdk/control_table/mx_64.model
[1.102s] -- Up-to-date symlink: /home/hoan/colcon_ws/install/dynamixel_sdk/share/dynamixel_sdk/control_table/ph42_020_s300.model
[1.103s] -- Up-to-date symlink: /home/hoan/colcon_ws/install/dynamixel_sdk/share/dynamixel_sdk/control_table/ph54_100_s500.model
[1.104s] -- Up-to-date symlink: /home/hoan/colcon_ws/install/dynamixel_sdk/share/dynamixel_sdk/control_table/ph54_200_s500.model
[1.104s] -- Up-to-date symlink: /home/hoan/colcon_ws/install/dynamixel_sdk/share/dynamixel_sdk/control_table/pm42_010_s260.model
[1.107s] -- Up-to-date symlink: /home/hoan/colcon_ws/install/dynamixel_sdk/share/dynamixel_sdk/control_table/pm54_040_s250.model
[1.109s] -- Up-to-date symlink: /home/hoan/colcon_ws/install/dynamixel_sdk/share/dynamixel_sdk/control_table/pm54_060_s250.model
[1.114s] -- Up-to-date symlink: /home/hoan/colcon_ws/install/dynamixel_sdk/share/dynamixel_sdk/control_table/rh_p12_rn.model
[1.124s] -- Up-to-date symlink: /home/hoan/colcon_ws/install/dynamixel_sdk/share/dynamixel_sdk/control_table/xc330_m181.model
[1.128s] -- Up-to-date symlink: /home/hoan/colcon_ws/install/dynamixel_sdk/share/dynamixel_sdk/control_table/xc330_m181_fw52.model
[1.129s] -- Up-to-date symlink: /home/hoan/colcon_ws/install/dynamixel_sdk/share/dynamixel_sdk/control_table/xc330_m288.model
[1.130s] -- Up-to-date symlink: /home/hoan/colcon_ws/install/dynamixel_sdk/share/dynamixel_sdk/control_table/xc330_m288_fw52.model
[1.131s] -- Up-to-date symlink: /home/hoan/colcon_ws/install/dynamixel_sdk/share/dynamixel_sdk/control_table/xc330_t181.model
[1.132s] -- Up-to-date symlink: /home/hoan/colcon_ws/install/dynamixel_sdk/share/dynamixel_sdk/control_table/xc330_t181_fw52.model
[1.133s] -- Up-to-date symlink: /home/hoan/colcon_ws/install/dynamixel_sdk/share/dynamixel_sdk/control_table/xc330_t288.model
[1.137s] -- Up-to-date symlink: /home/hoan/colcon_ws/install/dynamixel_sdk/share/dynamixel_sdk/control_table/xc330_t288_fw52.model
[1.141s] -- Up-to-date symlink: /home/hoan/colcon_ws/install/dynamixel_sdk/share/dynamixel_sdk/control_table/xc430_w150.model
[1.143s] -- Up-to-date symlink: /home/hoan/colcon_ws/install/dynamixel_sdk/share/dynamixel_sdk/control_table/xc430_w240.model
[1.143s] -- Up-to-date symlink: /home/hoan/colcon_ws/install/dynamixel_sdk/share/dynamixel_sdk/control_table/xd430_t210.model
[1.144s] -- Up-to-date symlink: /home/hoan/colcon_ws/install/dynamixel_sdk/share/dynamixel_sdk/control_table/xd430_t350.model
[1.144s] -- Up-to-date symlink: /home/hoan/colcon_ws/install/dynamixel_sdk/share/dynamixel_sdk/control_table/xd540_t150.model
[1.145s] -- Up-to-date symlink: /home/hoan/colcon_ws/install/dynamixel_sdk/share/dynamixel_sdk/control_table/xd540_t270.model
[1.145s] -- Up-to-date symlink: /home/hoan/colcon_ws/install/dynamixel_sdk/share/dynamixel_sdk/control_table/xh430_v210.model
[1.146s] -- Up-to-date symlink: /home/hoan/colcon_ws/install/dynamixel_sdk/share/dynamixel_sdk/control_table/xh430_v350.model
[1.147s] -- Up-to-date symlink: /home/hoan/colcon_ws/install/dynamixel_sdk/share/dynamixel_sdk/control_table/xh430_w210.model
[1.150s] -- Up-to-date symlink: /home/hoan/colcon_ws/install/dynamixel_sdk/share/dynamixel_sdk/control_table/xh430_w350.model
[1.152s] -- Up-to-date symlink: /home/hoan/colcon_ws/install/dynamixel_sdk/share/dynamixel_sdk/control_table/xh540_v150.model
[1.153s] -- Up-to-date symlink: /home/hoan/colcon_ws/install/dynamixel_sdk/share/dynamixel_sdk/control_table/xh540_v270.model
[1.155s] -- Up-to-date symlink: /home/hoan/colcon_ws/install/dynamixel_sdk/share/dynamixel_sdk/control_table/xh540_w150.model
[1.158s] -- Up-to-date symlink: /home/hoan/colcon_ws/install/dynamixel_sdk/share/dynamixel_sdk/control_table/xh540_w270.model
[1.160s] -- Up-to-date symlink: /home/hoan/colcon_ws/install/dynamixel_sdk/share/dynamixel_sdk/control_table/xl320.model
[1.163s] -- Up-to-date symlink: /home/hoan/colcon_ws/install/dynamixel_sdk/share/dynamixel_sdk/control_table/xl330_m077.model
[1.165s] -- Up-to-date symlink: /home/hoan/colcon_ws/install/dynamixel_sdk/share/dynamixel_sdk/control_table/xl330_m077_fw52.model
[1.166s] -- Up-to-date symlink: /home/hoan/colcon_ws/install/dynamixel_sdk/share/dynamixel_sdk/control_table/xl330_m288.model
[1.167s] -- Up-to-date symlink: /home/hoan/colcon_ws/install/dynamixel_sdk/share/dynamixel_sdk/control_table/xl330_m288_fw52.model
[1.170s] -- Up-to-date symlink: /home/hoan/colcon_ws/install/dynamixel_sdk/share/dynamixel_sdk/control_table/xl430_w250.model
[1.172s] -- Up-to-date symlink: /home/hoan/colcon_ws/install/dynamixel_sdk/share/dynamixel_sdk/control_table/xm430_w210.model
[1.173s] -- Up-to-date symlink: /home/hoan/colcon_ws/install/dynamixel_sdk/share/dynamixel_sdk/control_table/xm430_w350.model
[1.174s] -- Up-to-date symlink: /home/hoan/colcon_ws/install/dynamixel_sdk/share/dynamixel_sdk/control_table/xm540_w150.model
[1.174s] -- Up-to-date symlink: /home/hoan/colcon_ws/install/dynamixel_sdk/share/dynamixel_sdk/control_table/xm540_w270.model
[1.174s] -- Up-to-date symlink: /home/hoan/colcon_ws/install/dynamixel_sdk/share/dynamixel_sdk/control_table/xw430_t200.model
[1.175s] -- Up-to-date symlink: /home/hoan/colcon_ws/install/dynamixel_sdk/share/dynamixel_sdk/control_table/xw430_t333.model
[1.175s] -- Up-to-date symlink: /home/hoan/colcon_ws/install/dynamixel_sdk/share/dynamixel_sdk/control_table/xw540_h260.model
[1.176s] -- Up-to-date symlink: /home/hoan/colcon_ws/install/dynamixel_sdk/share/dynamixel_sdk/control_table/xw540_t140.model
[1.176s] -- Up-to-date symlink: /home/hoan/colcon_ws/install/dynamixel_sdk/share/dynamixel_sdk/control_table/xw540_t260.model
[1.179s] -- Up-to-date symlink: /home/hoan/colcon_ws/install/dynamixel_sdk/share/dynamixel_sdk/control_table/ym070_210_a051.model
[1.181s] -- Up-to-date symlink: /home/hoan/colcon_ws/install/dynamixel_sdk/share/dynamixel_sdk/control_table/ym070_210_a099.model
[1.185s] -- Up-to-date symlink: /home/hoan/colcon_ws/install/dynamixel_sdk/share/dynamixel_sdk/control_table/ym070_210_b001.model
[1.187s] -- Up-to-date symlink: /home/hoan/colcon_ws/install/dynamixel_sdk/share/dynamixel_sdk/control_table/ym070_210_m001.model
[1.187s] -- Up-to-date symlink: /home/hoan/colcon_ws/install/dynamixel_sdk/share/dynamixel_sdk/control_table/ym070_210_r051.model
[1.188s] -- Up-to-date symlink: /home/hoan/colcon_ws/install/dynamixel_sdk/share/dynamixel_sdk/control_table/ym070_210_r099.model
[1.188s] -- Up-to-date symlink: /home/hoan/colcon_ws/install/dynamixel_sdk/share/dynamixel_sdk/control_table/ym080_230_a051.model
[1.188s] -- Up-to-date symlink: /home/hoan/colcon_ws/install/dynamixel_sdk/share/dynamixel_sdk/control_table/ym080_230_a099.model
[1.189s] -- Up-to-date symlink: /home/hoan/colcon_ws/install/dynamixel_sdk/share/dynamixel_sdk/control_table/ym080_230_b001.model
[1.191s] -- Up-to-date symlink: /home/hoan/colcon_ws/install/dynamixel_sdk/share/dynamixel_sdk/control_table/ym080_230_m001.model
[1.192s] -- Up-to-date symlink: /home/hoan/colcon_ws/install/dynamixel_sdk/share/dynamixel_sdk/control_table/ym080_230_r051.model
[1.193s] -- Up-to-date symlink: /home/hoan/colcon_ws/install/dynamixel_sdk/share/dynamixel_sdk/control_table/ym080_230_r099.model
[1.194s] -- Up-to-date symlink: /home/hoan/colcon_ws/install/dynamixel_sdk/share/dynamixel_sdk/environment/pythonpath.sh
[1.194s] -- Up-to-date symlink: /home/hoan/colcon_ws/install/dynamixel_sdk/share/dynamixel_sdk/environment/pythonpath.dsv
[1.194s] -- Up-to-date symlink: /home/hoan/colcon_ws/install/dynamixel_sdk/local/lib/python3.10/dist-packages/dynamixel_sdk-4.0.3-py3.10.egg-info/PKG-INFO
[1.194s] -- Up-to-date symlink: /home/hoan/colcon_ws/install/dynamixel_sdk/local/lib/python3.10/dist-packages/dynamixel_sdk-4.0.3-py3.10.egg-info/SOURCES.txt
[1.195s] -- Up-to-date symlink: /home/hoan/colcon_ws/install/dynamixel_sdk/local/lib/python3.10/dist-packages/dynamixel_sdk-4.0.3-py3.10.egg-info/dependency_links.txt
[1.195s] -- Up-to-date symlink: /home/hoan/colcon_ws/install/dynamixel_sdk/local/lib/python3.10/dist-packages/dynamixel_sdk-4.0.3-py3.10.egg-info/top_level.txt
[1.195s] -- Up-to-date symlink: /home/hoan/colcon_ws/install/dynamixel_sdk/local/lib/python3.10/dist-packages/dynamixel_sdk/__init__.py
[1.195s] -- Up-to-date symlink: /home/hoan/colcon_ws/install/dynamixel_sdk/local/lib/python3.10/dist-packages/dynamixel_sdk/group_bulk_read.cpp
[1.196s] -- Up-to-date symlink: /home/hoan/colcon_ws/install/dynamixel_sdk/local/lib/python3.10/dist-packages/dynamixel_sdk/group_bulk_read.py
[1.196s] -- Up-to-date symlink: /home/hoan/colcon_ws/install/dynamixel_sdk/local/lib/python3.10/dist-packages/dynamixel_sdk/group_bulk_write.cpp
[1.196s] -- Up-to-date symlink: /home/hoan/colcon_ws/install/dynamixel_sdk/local/lib/python3.10/dist-packages/dynamixel_sdk/group_bulk_write.py
[1.196s] -- Up-to-date symlink: /home/hoan/colcon_ws/install/dynamixel_sdk/local/lib/python3.10/dist-packages/dynamixel_sdk/group_fast_bulk_read.cpp
[1.196s] -- Up-to-date symlink: /home/hoan/colcon_ws/install/dynamixel_sdk/local/lib/python3.10/dist-packages/dynamixel_sdk/group_fast_sync_read.cpp
[1.196s] -- Up-to-date symlink: /home/hoan/colcon_ws/install/dynamixel_sdk/local/lib/python3.10/dist-packages/dynamixel_sdk/group_handler.cpp
[1.196s] -- Up-to-date symlink: /home/hoan/colcon_ws/install/dynamixel_sdk/local/lib/python3.10/dist-packages/dynamixel_sdk/group_sync_read.cpp
[1.196s] -- Up-to-date symlink: /home/hoan/colcon_ws/install/dynamixel_sdk/local/lib/python3.10/dist-packages/dynamixel_sdk/group_sync_read.py
[1.196s] -- Up-to-date symlink: /home/hoan/colcon_ws/install/dynamixel_sdk/local/lib/python3.10/dist-packages/dynamixel_sdk/group_sync_write.cpp
[1.196s] -- Up-to-date symlink: /home/hoan/colcon_ws/install/dynamixel_sdk/local/lib/python3.10/dist-packages/dynamixel_sdk/group_sync_write.py
[1.197s] -- Up-to-date symlink: /home/hoan/colcon_ws/install/dynamixel_sdk/local/lib/python3.10/dist-packages/dynamixel_sdk/packet_handler.cpp
[1.197s] -- Up-to-date symlink: /home/hoan/colcon_ws/install/dynamixel_sdk/local/lib/python3.10/dist-packages/dynamixel_sdk/packet_handler.py
[1.197s] -- Up-to-date symlink: /home/hoan/colcon_ws/install/dynamixel_sdk/local/lib/python3.10/dist-packages/dynamixel_sdk/port_handler.cpp
[1.197s] -- Up-to-date symlink: /home/hoan/colcon_ws/install/dynamixel_sdk/local/lib/python3.10/dist-packages/dynamixel_sdk/port_handler.py
[1.197s] -- Up-to-date symlink: /home/hoan/colcon_ws/install/dynamixel_sdk/local/lib/python3.10/dist-packages/dynamixel_sdk/port_handler_arduino.cpp
[1.197s] -- Up-to-date symlink: /home/hoan/colcon_ws/install/dynamixel_sdk/local/lib/python3.10/dist-packages/dynamixel_sdk/port_handler_linux.cpp
[1.197s] -- Up-to-date symlink: /home/hoan/colcon_ws/install/dynamixel_sdk/local/lib/python3.10/dist-packages/dynamixel_sdk/port_handler_mac.cpp
[1.197s] -- Up-to-date symlink: /home/hoan/colcon_ws/install/dynamixel_sdk/local/lib/python3.10/dist-packages/dynamixel_sdk/port_handler_windows.cpp
[1.197s] -- Up-to-date symlink: /home/hoan/colcon_ws/install/dynamixel_sdk/local/lib/python3.10/dist-packages/dynamixel_sdk/protocol1_packet_handler.cpp
[1.198s] -- Up-to-date symlink: /home/hoan/colcon_ws/install/dynamixel_sdk/local/lib/python3.10/dist-packages/dynamixel_sdk/protocol1_packet_handler.py
[1.198s] -- Up-to-date symlink: /home/hoan/colcon_ws/install/dynamixel_sdk/local/lib/python3.10/dist-packages/dynamixel_sdk/protocol2_packet_handler.cpp
[1.198s] -- Up-to-date symlink: /home/hoan/colcon_ws/install/dynamixel_sdk/local/lib/python3.10/dist-packages/dynamixel_sdk/protocol2_packet_handler.py
[1.198s] -- Up-to-date symlink: /home/hoan/colcon_ws/install/dynamixel_sdk/local/lib/python3.10/dist-packages/dynamixel_sdk/robotis_def.py
[1.198s] -- Up-to-date symlink: /home/hoan/colcon_ws/install/dynamixel_sdk/local/lib/python3.10/dist-packages/dynamixel_easy_sdk-4.0.3-py3.10.egg-info/PKG-INFO
[1.199s] -- Up-to-date symlink: /home/hoan/colcon_ws/install/dynamixel_sdk/local/lib/python3.10/dist-packages/dynamixel_easy_sdk-4.0.3-py3.10.egg-info/SOURCES.txt
[1.199s] -- Up-to-date symlink: /home/hoan/colcon_ws/install/dynamixel_sdk/local/lib/python3.10/dist-packages/dynamixel_easy_sdk-4.0.3-py3.10.egg-info/dependency_links.txt
[1.199s] -- Up-to-date symlink: /home/hoan/colcon_ws/install/dynamixel_sdk/local/lib/python3.10/dist-packages/dynamixel_easy_sdk-4.0.3-py3.10.egg-info/top_level.txt
[1.200s] -- Up-to-date symlink: /home/hoan/colcon_ws/install/dynamixel_sdk/local/lib/python3.10/dist-packages/dynamixel_easy_sdk/__init__.py
[1.200s] -- Up-to-date symlink: /home/hoan/colcon_ws/install/dynamixel_sdk/local/lib/python3.10/dist-packages/dynamixel_easy_sdk/connector.cpp
[1.200s] -- Up-to-date symlink: /home/hoan/colcon_ws/install/dynamixel_sdk/local/lib/python3.10/dist-packages/dynamixel_easy_sdk/connector.py
[1.200s] -- Up-to-date symlink: /home/hoan/colcon_ws/install/dynamixel_sdk/local/lib/python3.10/dist-packages/dynamixel_easy_sdk/control_table.cpp
[1.200s] -- Up-to-date symlink: /home/hoan/colcon_ws/install/dynamixel_sdk/local/lib/python3.10/dist-packages/dynamixel_easy_sdk/control_table.py
[1.200s] -- Up-to-date symlink: /home/hoan/colcon_ws/install/dynamixel_sdk/local/lib/python3.10/dist-packages/dynamixel_easy_sdk/data_types.py
[1.201s] -- Up-to-date symlink: /home/hoan/colcon_ws/install/dynamixel_sdk/local/lib/python3.10/dist-packages/dynamixel_easy_sdk/dynamixel_error.cpp
[1.201s] -- Up-to-date symlink: /home/hoan/colcon_ws/install/dynamixel_sdk/local/lib/python3.10/dist-packages/dynamixel_easy_sdk/dynamixel_error.py
[1.201s] -- Up-to-date symlink: /home/hoan/colcon_ws/install/dynamixel_sdk/local/lib/python3.10/dist-packages/dynamixel_easy_sdk/group_executor.cpp
[1.201s] -- Up-to-date symlink: /home/hoan/colcon_ws/install/dynamixel_sdk/local/lib/python3.10/dist-packages/dynamixel_easy_sdk/group_executor.py
[1.201s] -- Up-to-date symlink: /home/hoan/colcon_ws/install/dynamixel_sdk/local/lib/python3.10/dist-packages/dynamixel_easy_sdk/motor.cpp
[1.201s] -- Up-to-date symlink: /home/hoan/colcon_ws/install/dynamixel_sdk/local/lib/python3.10/dist-packages/dynamixel_easy_sdk/motor.py
[1.201s] -- Up-to-date symlink: /home/hoan/colcon_ws/install/dynamixel_sdk/share/dynamixel_sdk/environment/library_path.sh
[1.201s] -- Up-to-date symlink: /home/hoan/colcon_ws/install/dynamixel_sdk/share/dynamixel_sdk/environment/library_path.dsv
[1.202s] -- Up-to-date symlink: /home/hoan/colcon_ws/install/dynamixel_sdk/share/ament_index/resource_index/package_run_dependencies/dynamixel_sdk
[1.205s] -- Up-to-date symlink: /home/hoan/colcon_ws/install/dynamixel_sdk/share/ament_index/resource_index/parent_prefix_path/dynamixel_sdk
[1.207s] -- Up-to-date symlink: /home/hoan/colcon_ws/install/dynamixel_sdk/share/dynamixel_sdk/environment/ament_prefix_path.sh
[1.207s] -- Up-to-date symlink: /home/hoan/colcon_ws/install/dynamixel_sdk/share/dynamixel_sdk/environment/ament_prefix_path.dsv
[1.207s] -- Up-to-date symlink: /home/hoan/colcon_ws/install/dynamixel_sdk/share/dynamixel_sdk/environment/path.sh
[1.207s] -- Up-to-date symlink: /home/hoan/colcon_ws/install/dynamixel_sdk/share/dynamixel_sdk/environment/path.dsv
[1.208s] -- Up-to-date symlink: /home/hoan/colcon_ws/install/dynamixel_sdk/share/dynamixel_sdk/local_setup.bash
[1.208s] -- Up-to-date symlink: /home/hoan/colcon_ws/install/dynamixel_sdk/share/dynamixel_sdk/local_setup.sh
[1.209s] -- Up-to-date symlink: /home/hoan/colcon_ws/install/dynamixel_sdk/share/dynamixel_sdk/local_setup.zsh
[1.210s] -- Up-to-date symlink: /home/hoan/colcon_ws/install/dynamixel_sdk/share/dynamixel_sdk/local_setup.dsv
[1.210s] -- Symlinking: /home/hoan/colcon_ws/install/dynamixel_sdk/share/dynamixel_sdk/package.dsv
[1.228s] -- Up-to-date symlink: /home/hoan/colcon_ws/install/dynamixel_sdk/share/ament_index/resource_index/packages/dynamixel_sdk
[1.229s] -- Up-to-date symlink: /home/hoan/colcon_ws/install/dynamixel_sdk/share/dynamixel_sdk/cmake/ament_cmake_export_targets-extras.cmake
[1.230s] -- Up-to-date symlink: /home/hoan/colcon_ws/install/dynamixel_sdk/share/dynamixel_sdk/cmake/ament_cmake_export_include_directories-extras.cmake
[1.232s] -- Up-to-date symlink: /home/hoan/colcon_ws/install/dynamixel_sdk/share/dynamixel_sdk/cmake/ament_cmake_export_libraries-extras.cmake
[1.234s] -- Up-to-date symlink: /home/hoan/colcon_ws/install/dynamixel_sdk/share/dynamixel_sdk/cmake/dynamixel_sdkConfig.cmake
[1.235s] -- Up-to-date symlink: /home/hoan/colcon_ws/install/dynamixel_sdk/share/dynamixel_sdk/cmake/dynamixel_sdkConfig-version.cmake
[1.236s] -- Up-to-date symlink: /home/hoan/colcon_ws/install/dynamixel_sdk/share/dynamixel_sdk/package.xml
[1.242s] -- Up-to-date: /home/hoan/colcon_ws/install/dynamixel_sdk/lib/libdynamixel_sdk.so
[1.311s] Listing '/home/hoan/colcon_ws/install/dynamixel_sdk/local/lib/python3.10/dist-packages/dynamixel_sdk'...
[1.391s] Listing '/home/hoan/colcon_ws/install/dynamixel_sdk/local/lib/python3.10/dist-packages/dynamixel_easy_sdk'...
[1.405s] -- Up-to-date: /home/hoan/colcon_ws/install/dynamixel_sdk/share/dynamixel_sdk/cmake/dynamixel_sdkExport.cmake
[1.406s] -- Up-to-date: /home/hoan/colcon_ws/install/dynamixel_sdk/share/dynamixel_sdk/cmake/dynamixel_sdkExport-noconfig.cmake
[1.440s] Invoked command in '/home/hoan/colcon_ws/build/dynamixel_sdk' returned '0': CMAKE_PREFIX_PATH=${CMAKE_PREFIX_PATH}:/home/hoan/ros2_ws/install/camera_onnx_processor:/opt/ros/humble /usr/bin/cmake --install /home/hoan/colcon_ws/build/dynamixel_sdk
