[0.031s] Invoking command in '/home/hoan/colcon_ws/build/dynamixel_interfaces': CMAKE_PREFIX_PATH=${CMAKE_PREFIX_PATH}:/home/hoan/ros2_ws/install/camera_onnx_processor:/opt/ros/humble /usr/bin/cmake --build /home/hoan/colcon_ws/build/dynamixel_interfaces -- -j8 -l8
[0.138s] [  1%] Built target dynamixel_interfaces__cpp
[0.169s] [ 12%] Built target dynamixel_interfaces__rosidl_generator_c
[0.179s] [ 12%] Built target ament_cmake_python_symlink_dynamixel_interfaces
[0.247s] [ 23%] Built target dynamixel_interfaces__rosidl_typesupport_fastrtps_cpp
[0.251s] [ 34%] Built target dynamixel_interfaces__rosidl_typesupport_c
[0.258s] [ 45%] Built target dynamixel_interfaces__rosidl_typesupport_introspection_cpp
[0.261s] [ 56%] Built target dynamixel_interfaces__rosidl_typesupport_cpp
[0.266s] [ 67%] Built target dynamixel_interfaces__rosidl_typesupport_fastrtps_c
[0.282s] [ 78%] Built target dynamixel_interfaces__rosidl_typesupport_introspection_c
[0.338s] [ 78%] Built target dynamixel_interfaces
[0.394s] [ 80%] Built target dynamixel_interfaces__py
[0.466s] [ 89%] Built target dynamixel_interfaces__rosidl_generator_py
[0.565s] [ 92%] Built target dynamixel_interfaces__rosidl_typesupport_fastrtps_c__pyext
[0.581s] [ 96%] Built target dynamixel_interfaces__rosidl_typesupport_introspection_c__pyext
[0.582s] [100%] Built target dynamixel_interfaces__rosidl_typesupport_c__pyext
[0.816s] running egg_info
[0.818s] writing dynamixel_interfaces.egg-info/PKG-INFO
[0.819s] writing dependency_links to dynamixel_interfaces.egg-info/dependency_links.txt
[0.820s] writing top-level names to dynamixel_interfaces.egg-info/top_level.txt
[0.831s] reading manifest file 'dynamixel_interfaces.egg-info/SOURCES.txt'
[0.832s] writing manifest file 'dynamixel_interfaces.egg-info/SOURCES.txt'
[0.966s] [100%] Built target ament_cmake_python_build_dynamixel_interfaces_egg
[0.995s] Invoked command in '/home/hoan/colcon_ws/build/dynamixel_interfaces' returned '0': CMAKE_PREFIX_PATH=${CMAKE_PREFIX_PATH}:/home/hoan/ros2_ws/install/camera_onnx_processor:/opt/ros/humble /usr/bin/cmake --build /home/hoan/colcon_ws/build/dynamixel_interfaces -- -j8 -l8
[0.999s] Invoking command in '/home/hoan/colcon_ws/build/dynamixel_interfaces': CMAKE_PREFIX_PATH=${CMAKE_PREFIX_PATH}:/home/hoan/ros2_ws/install/camera_onnx_processor:/opt/ros/humble /usr/bin/cmake --install /home/hoan/colcon_ws/build/dynamixel_interfaces
[1.014s] -- Install configuration: ""
[1.019s] -- Execute custom install script
[1.037s] -- Up-to-date symlink: /home/hoan/colcon_ws/install/dynamixel_interfaces/share/ament_index/resource_index/rosidl_interfaces/dynamixel_interfaces
[1.044s] -- Up-to-date symlink: /home/hoan/colcon_ws/install/dynamixel_interfaces/include/dynamixel_interfaces/dynamixel_interfaces/msg/detail/dynamixel_state__functions.h
[1.044s] -- Up-to-date symlink: /home/hoan/colcon_ws/install/dynamixel_interfaces/include/dynamixel_interfaces/dynamixel_interfaces/msg/detail/dynamixel_state__struct.h
[1.046s] -- Up-to-date symlink: /home/hoan/colcon_ws/install/dynamixel_interfaces/include/dynamixel_interfaces/dynamixel_interfaces/msg/detail/dynamixel_state__type_support.h
[1.050s] -- Up-to-date symlink: /home/hoan/colcon_ws/install/dynamixel_interfaces/include/dynamixel_interfaces/dynamixel_interfaces/msg/dynamixel_state.h
[1.058s] -- Up-to-date symlink: /home/hoan/colcon_ws/install/dynamixel_interfaces/include/dynamixel_interfaces/dynamixel_interfaces/msg/rosidl_generator_c__visibility_control.h
[1.063s] -- Up-to-date symlink: /home/hoan/colcon_ws/install/dynamixel_interfaces/include/dynamixel_interfaces/dynamixel_interfaces/srv/detail/get_data_from_dxl__functions.h
[1.064s] -- Up-to-date symlink: /home/hoan/colcon_ws/install/dynamixel_interfaces/include/dynamixel_interfaces/dynamixel_interfaces/srv/detail/get_data_from_dxl__struct.h
[1.064s] -- Up-to-date symlink: /home/hoan/colcon_ws/install/dynamixel_interfaces/include/dynamixel_interfaces/dynamixel_interfaces/srv/detail/get_data_from_dxl__type_support.h
[1.067s] -- Up-to-date symlink: /home/hoan/colcon_ws/install/dynamixel_interfaces/include/dynamixel_interfaces/dynamixel_interfaces/srv/detail/reboot_dxl__functions.h
[1.071s] -- Up-to-date symlink: /home/hoan/colcon_ws/install/dynamixel_interfaces/include/dynamixel_interfaces/dynamixel_interfaces/srv/detail/reboot_dxl__struct.h
[1.072s] -- Up-to-date symlink: /home/hoan/colcon_ws/install/dynamixel_interfaces/include/dynamixel_interfaces/dynamixel_interfaces/srv/detail/reboot_dxl__type_support.h
[1.073s] -- Up-to-date symlink: /home/hoan/colcon_ws/install/dynamixel_interfaces/include/dynamixel_interfaces/dynamixel_interfaces/srv/detail/set_data_to_dxl__functions.h
[1.073s] -- Up-to-date symlink: /home/hoan/colcon_ws/install/dynamixel_interfaces/include/dynamixel_interfaces/dynamixel_interfaces/srv/detail/set_data_to_dxl__struct.h
[1.073s] -- Up-to-date symlink: /home/hoan/colcon_ws/install/dynamixel_interfaces/include/dynamixel_interfaces/dynamixel_interfaces/srv/detail/set_data_to_dxl__type_support.h
[1.074s] -- Up-to-date symlink: /home/hoan/colcon_ws/install/dynamixel_interfaces/include/dynamixel_interfaces/dynamixel_interfaces/srv/get_data_from_dxl.h
[1.074s] -- Up-to-date symlink: /home/hoan/colcon_ws/install/dynamixel_interfaces/include/dynamixel_interfaces/dynamixel_interfaces/srv/reboot_dxl.h
[1.074s] -- Up-to-date symlink: /home/hoan/colcon_ws/install/dynamixel_interfaces/include/dynamixel_interfaces/dynamixel_interfaces/srv/set_data_to_dxl.h
[1.077s] -- Up-to-date symlink: /home/hoan/colcon_ws/install/dynamixel_interfaces/share/dynamixel_interfaces/environment/library_path.sh
[1.077s] -- Up-to-date symlink: /home/hoan/colcon_ws/install/dynamixel_interfaces/share/dynamixel_interfaces/environment/library_path.dsv
[1.079s] -- Up-to-date symlink: /home/hoan/colcon_ws/install/dynamixel_interfaces/include/dynamixel_interfaces/dynamixel_interfaces/msg/detail/dynamixel_state__rosidl_typesupport_fastrtps_c.h
[1.079s] -- Up-to-date symlink: /home/hoan/colcon_ws/install/dynamixel_interfaces/include/dynamixel_interfaces/dynamixel_interfaces/msg/rosidl_typesupport_fastrtps_c__visibility_control.h
[1.080s] -- Up-to-date symlink: /home/hoan/colcon_ws/install/dynamixel_interfaces/include/dynamixel_interfaces/dynamixel_interfaces/srv/detail/get_data_from_dxl__rosidl_typesupport_fastrtps_c.h
[1.080s] -- Up-to-date symlink: /home/hoan/colcon_ws/install/dynamixel_interfaces/include/dynamixel_interfaces/dynamixel_interfaces/srv/detail/reboot_dxl__rosidl_typesupport_fastrtps_c.h
[1.081s] -- Up-to-date symlink: /home/hoan/colcon_ws/install/dynamixel_interfaces/include/dynamixel_interfaces/dynamixel_interfaces/srv/detail/set_data_to_dxl__rosidl_typesupport_fastrtps_c.h
[1.084s] -- Up-to-date symlink: /home/hoan/colcon_ws/install/dynamixel_interfaces/include/dynamixel_interfaces/dynamixel_interfaces/msg/detail/dynamixel_state__builder.hpp
[1.085s] -- Up-to-date symlink: /home/hoan/colcon_ws/install/dynamixel_interfaces/include/dynamixel_interfaces/dynamixel_interfaces/msg/detail/dynamixel_state__struct.hpp
[1.086s] -- Up-to-date symlink: /home/hoan/colcon_ws/install/dynamixel_interfaces/include/dynamixel_interfaces/dynamixel_interfaces/msg/detail/dynamixel_state__traits.hpp
[1.086s] -- Up-to-date symlink: /home/hoan/colcon_ws/install/dynamixel_interfaces/include/dynamixel_interfaces/dynamixel_interfaces/msg/detail/dynamixel_state__type_support.hpp
[1.087s] -- Up-to-date symlink: /home/hoan/colcon_ws/install/dynamixel_interfaces/include/dynamixel_interfaces/dynamixel_interfaces/msg/dynamixel_state.hpp
[1.088s] -- Up-to-date symlink: /home/hoan/colcon_ws/install/dynamixel_interfaces/include/dynamixel_interfaces/dynamixel_interfaces/msg/rosidl_generator_cpp__visibility_control.hpp
[1.088s] -- Up-to-date symlink: /home/hoan/colcon_ws/install/dynamixel_interfaces/include/dynamixel_interfaces/dynamixel_interfaces/srv/detail/get_data_from_dxl__builder.hpp
[1.091s] -- Up-to-date symlink: /home/hoan/colcon_ws/install/dynamixel_interfaces/include/dynamixel_interfaces/dynamixel_interfaces/srv/detail/get_data_from_dxl__struct.hpp
[1.092s] -- Up-to-date symlink: /home/hoan/colcon_ws/install/dynamixel_interfaces/include/dynamixel_interfaces/dynamixel_interfaces/srv/detail/get_data_from_dxl__traits.hpp
[1.093s] -- Up-to-date symlink: /home/hoan/colcon_ws/install/dynamixel_interfaces/include/dynamixel_interfaces/dynamixel_interfaces/srv/detail/get_data_from_dxl__type_support.hpp
[1.093s] -- Up-to-date symlink: /home/hoan/colcon_ws/install/dynamixel_interfaces/include/dynamixel_interfaces/dynamixel_interfaces/srv/detail/reboot_dxl__builder.hpp
[1.093s] -- Up-to-date symlink: /home/hoan/colcon_ws/install/dynamixel_interfaces/include/dynamixel_interfaces/dynamixel_interfaces/srv/detail/reboot_dxl__struct.hpp
[1.094s] -- Up-to-date symlink: /home/hoan/colcon_ws/install/dynamixel_interfaces/include/dynamixel_interfaces/dynamixel_interfaces/srv/detail/reboot_dxl__traits.hpp
[1.094s] -- Up-to-date symlink: /home/hoan/colcon_ws/install/dynamixel_interfaces/include/dynamixel_interfaces/dynamixel_interfaces/srv/detail/reboot_dxl__type_support.hpp
[1.094s] -- Up-to-date symlink: /home/hoan/colcon_ws/install/dynamixel_interfaces/include/dynamixel_interfaces/dynamixel_interfaces/srv/detail/set_data_to_dxl__builder.hpp
[1.095s] -- Up-to-date symlink: /home/hoan/colcon_ws/install/dynamixel_interfaces/include/dynamixel_interfaces/dynamixel_interfaces/srv/detail/set_data_to_dxl__struct.hpp
[1.096s] -- Up-to-date symlink: /home/hoan/colcon_ws/install/dynamixel_interfaces/include/dynamixel_interfaces/dynamixel_interfaces/srv/detail/set_data_to_dxl__traits.hpp
[1.096s] -- Up-to-date symlink: /home/hoan/colcon_ws/install/dynamixel_interfaces/include/dynamixel_interfaces/dynamixel_interfaces/srv/detail/set_data_to_dxl__type_support.hpp
[1.097s] -- Up-to-date symlink: /home/hoan/colcon_ws/install/dynamixel_interfaces/include/dynamixel_interfaces/dynamixel_interfaces/srv/get_data_from_dxl.hpp
[1.099s] -- Up-to-date symlink: /home/hoan/colcon_ws/install/dynamixel_interfaces/include/dynamixel_interfaces/dynamixel_interfaces/srv/reboot_dxl.hpp
[1.099s] -- Up-to-date symlink: /home/hoan/colcon_ws/install/dynamixel_interfaces/include/dynamixel_interfaces/dynamixel_interfaces/srv/set_data_to_dxl.hpp
[1.101s] -- Up-to-date symlink: /home/hoan/colcon_ws/install/dynamixel_interfaces/include/dynamixel_interfaces/dynamixel_interfaces/msg/detail/dynamixel_state__rosidl_typesupport_fastrtps_cpp.hpp
[1.104s] -- Up-to-date symlink: /home/hoan/colcon_ws/install/dynamixel_interfaces/include/dynamixel_interfaces/dynamixel_interfaces/msg/rosidl_typesupport_fastrtps_cpp__visibility_control.h
[1.123s] -- Up-to-date symlink: /home/hoan/colcon_ws/install/dynamixel_interfaces/include/dynamixel_interfaces/dynamixel_interfaces/srv/detail/get_data_from_dxl__rosidl_typesupport_fastrtps_cpp.hpp
[1.128s] -- Up-to-date symlink: /home/hoan/colcon_ws/install/dynamixel_interfaces/include/dynamixel_interfaces/dynamixel_interfaces/srv/detail/reboot_dxl__rosidl_typesupport_fastrtps_cpp.hpp
[1.137s] -- Up-to-date symlink: /home/hoan/colcon_ws/install/dynamixel_interfaces/include/dynamixel_interfaces/dynamixel_interfaces/srv/detail/set_data_to_dxl__rosidl_typesupport_fastrtps_cpp.hpp
[1.139s] -- Up-to-date symlink: /home/hoan/colcon_ws/install/dynamixel_interfaces/include/dynamixel_interfaces/dynamixel_interfaces/msg/detail/dynamixel_state__rosidl_typesupport_introspection_c.h
[1.140s] -- Up-to-date symlink: /home/hoan/colcon_ws/install/dynamixel_interfaces/include/dynamixel_interfaces/dynamixel_interfaces/msg/rosidl_typesupport_introspection_c__visibility_control.h
[1.140s] -- Up-to-date symlink: /home/hoan/colcon_ws/install/dynamixel_interfaces/include/dynamixel_interfaces/dynamixel_interfaces/srv/detail/get_data_from_dxl__rosidl_typesupport_introspection_c.h
[1.141s] -- Up-to-date symlink: /home/hoan/colcon_ws/install/dynamixel_interfaces/include/dynamixel_interfaces/dynamixel_interfaces/srv/detail/reboot_dxl__rosidl_typesupport_introspection_c.h
[1.144s] -- Up-to-date symlink: /home/hoan/colcon_ws/install/dynamixel_interfaces/include/dynamixel_interfaces/dynamixel_interfaces/srv/detail/set_data_to_dxl__rosidl_typesupport_introspection_c.h
[1.145s] -- Up-to-date symlink: /home/hoan/colcon_ws/install/dynamixel_interfaces/include/dynamixel_interfaces/dynamixel_interfaces/msg/detail/dynamixel_state__rosidl_typesupport_introspection_cpp.hpp
[1.146s] -- Up-to-date symlink: /home/hoan/colcon_ws/install/dynamixel_interfaces/include/dynamixel_interfaces/dynamixel_interfaces/srv/detail/get_data_from_dxl__rosidl_typesupport_introspection_cpp.hpp
[1.148s] -- Up-to-date symlink: /home/hoan/colcon_ws/install/dynamixel_interfaces/include/dynamixel_interfaces/dynamixel_interfaces/srv/detail/reboot_dxl__rosidl_typesupport_introspection_cpp.hpp
[1.148s] -- Up-to-date symlink: /home/hoan/colcon_ws/install/dynamixel_interfaces/include/dynamixel_interfaces/dynamixel_interfaces/srv/detail/set_data_to_dxl__rosidl_typesupport_introspection_cpp.hpp
[1.148s] -- Up-to-date symlink: /home/hoan/colcon_ws/install/dynamixel_interfaces/share/dynamixel_interfaces/environment/pythonpath.sh
[1.149s] -- Up-to-date symlink: /home/hoan/colcon_ws/install/dynamixel_interfaces/share/dynamixel_interfaces/environment/pythonpath.dsv
[1.149s] -- Up-to-date symlink: /home/hoan/colcon_ws/install/dynamixel_interfaces/local/lib/python3.10/dist-packages/dynamixel_interfaces-1.0.1-py3.10.egg-info/PKG-INFO
[1.150s] -- Up-to-date symlink: /home/hoan/colcon_ws/install/dynamixel_interfaces/local/lib/python3.10/dist-packages/dynamixel_interfaces-1.0.1-py3.10.egg-info/SOURCES.txt
[1.150s] -- Up-to-date symlink: /home/hoan/colcon_ws/install/dynamixel_interfaces/local/lib/python3.10/dist-packages/dynamixel_interfaces-1.0.1-py3.10.egg-info/dependency_links.txt
[1.150s] -- Up-to-date symlink: /home/hoan/colcon_ws/install/dynamixel_interfaces/local/lib/python3.10/dist-packages/dynamixel_interfaces-1.0.1-py3.10.egg-info/top_level.txt
[1.151s] -- Up-to-date symlink: /home/hoan/colcon_ws/install/dynamixel_interfaces/local/lib/python3.10/dist-packages/dynamixel_interfaces/__init__.py
[1.151s] -- Up-to-date symlink: /home/hoan/colcon_ws/install/dynamixel_interfaces/local/lib/python3.10/dist-packages/dynamixel_interfaces/_dynamixel_interfaces_s.ep.rosidl_typesupport_c.c
[1.152s] -- Up-to-date symlink: /home/hoan/colcon_ws/install/dynamixel_interfaces/local/lib/python3.10/dist-packages/dynamixel_interfaces/_dynamixel_interfaces_s.ep.rosidl_typesupport_fastrtps_c.c
[1.152s] -- Up-to-date symlink: /home/hoan/colcon_ws/install/dynamixel_interfaces/local/lib/python3.10/dist-packages/dynamixel_interfaces/_dynamixel_interfaces_s.ep.rosidl_typesupport_introspection_c.c
[1.152s] -- Up-to-date symlink: /home/hoan/colcon_ws/install/dynamixel_interfaces/local/lib/python3.10/dist-packages/dynamixel_interfaces/dynamixel_interfaces_s__rosidl_typesupport_c.cpython-310-x86_64-linux-gnu.so
[1.152s] -- Up-to-date symlink: /home/hoan/colcon_ws/install/dynamixel_interfaces/local/lib/python3.10/dist-packages/dynamixel_interfaces/dynamixel_interfaces_s__rosidl_typesupport_fastrtps_c.cpython-310-x86_64-linux-gnu.so
[1.152s] -- Up-to-date symlink: /home/hoan/colcon_ws/install/dynamixel_interfaces/local/lib/python3.10/dist-packages/dynamixel_interfaces/dynamixel_interfaces_s__rosidl_typesupport_introspection_c.cpython-310-x86_64-linux-gnu.so
[1.152s] -- Up-to-date symlink: /home/hoan/colcon_ws/install/dynamixel_interfaces/local/lib/python3.10/dist-packages/dynamixel_interfaces/libdynamixel_interfaces__rosidl_generator_py.so
[1.152s] -- Up-to-date symlink: /home/hoan/colcon_ws/install/dynamixel_interfaces/local/lib/python3.10/dist-packages/dynamixel_interfaces/msg/__init__.py
[1.155s] -- Up-to-date symlink: /home/hoan/colcon_ws/install/dynamixel_interfaces/local/lib/python3.10/dist-packages/dynamixel_interfaces/msg/_dynamixel_state.py
[1.160s] -- Up-to-date symlink: /home/hoan/colcon_ws/install/dynamixel_interfaces/local/lib/python3.10/dist-packages/dynamixel_interfaces/msg/_dynamixel_state_s.c
[1.160s] -- Up-to-date symlink: /home/hoan/colcon_ws/install/dynamixel_interfaces/local/lib/python3.10/dist-packages/dynamixel_interfaces/srv/__init__.py
[1.161s] -- Up-to-date symlink: /home/hoan/colcon_ws/install/dynamixel_interfaces/local/lib/python3.10/dist-packages/dynamixel_interfaces/srv/_get_data_from_dxl.py
[1.164s] -- Up-to-date symlink: /home/hoan/colcon_ws/install/dynamixel_interfaces/local/lib/python3.10/dist-packages/dynamixel_interfaces/srv/_get_data_from_dxl_s.c
[1.164s] -- Up-to-date symlink: /home/hoan/colcon_ws/install/dynamixel_interfaces/local/lib/python3.10/dist-packages/dynamixel_interfaces/srv/_reboot_dxl.py
[1.167s] -- Up-to-date symlink: /home/hoan/colcon_ws/install/dynamixel_interfaces/local/lib/python3.10/dist-packages/dynamixel_interfaces/srv/_reboot_dxl_s.c
[1.168s] -- Up-to-date symlink: /home/hoan/colcon_ws/install/dynamixel_interfaces/local/lib/python3.10/dist-packages/dynamixel_interfaces/srv/_set_data_to_dxl.py
[1.168s] -- Up-to-date symlink: /home/hoan/colcon_ws/install/dynamixel_interfaces/local/lib/python3.10/dist-packages/dynamixel_interfaces/srv/_set_data_to_dxl_s.c
[1.169s] -- Up-to-date symlink: /home/hoan/colcon_ws/install/dynamixel_interfaces/local/lib/python3.10/dist-packages/dynamixel_interfaces/dynamixel_interfaces_s__rosidl_typesupport_fastrtps_c.cpython-310-x86_64-linux-gnu.so
[1.169s] -- Up-to-date symlink: /home/hoan/colcon_ws/install/dynamixel_interfaces/local/lib/python3.10/dist-packages/dynamixel_interfaces/dynamixel_interfaces_s__rosidl_typesupport_introspection_c.cpython-310-x86_64-linux-gnu.so
[1.170s] -- Up-to-date symlink: /home/hoan/colcon_ws/install/dynamixel_interfaces/local/lib/python3.10/dist-packages/dynamixel_interfaces/dynamixel_interfaces_s__rosidl_typesupport_c.cpython-310-x86_64-linux-gnu.so
[1.171s] -- Up-to-date symlink: /home/hoan/colcon_ws/install/dynamixel_interfaces/share/dynamixel_interfaces/msg/DynamixelState.idl
[1.174s] -- Up-to-date symlink: /home/hoan/colcon_ws/install/dynamixel_interfaces/share/dynamixel_interfaces/srv/GetDataFromDxl.idl
[1.175s] -- Up-to-date symlink: /home/hoan/colcon_ws/install/dynamixel_interfaces/share/dynamixel_interfaces/srv/SetDataToDxl.idl
[1.179s] -- Up-to-date symlink: /home/hoan/colcon_ws/install/dynamixel_interfaces/share/dynamixel_interfaces/srv/RebootDxl.idl
[1.181s] -- Up-to-date symlink: /home/hoan/colcon_ws/install/dynamixel_interfaces/share/dynamixel_interfaces/msg/DynamixelState.msg
[1.182s] -- Up-to-date symlink: /home/hoan/colcon_ws/install/dynamixel_interfaces/share/dynamixel_interfaces/srv/GetDataFromDxl.srv
[1.182s] -- Up-to-date symlink: /home/hoan/colcon_ws/install/dynamixel_interfaces/share/dynamixel_interfaces/srv/GetDataFromDxl_Request.msg
[1.183s] -- Up-to-date symlink: /home/hoan/colcon_ws/install/dynamixel_interfaces/share/dynamixel_interfaces/srv/GetDataFromDxl_Response.msg
[1.183s] -- Up-to-date symlink: /home/hoan/colcon_ws/install/dynamixel_interfaces/share/dynamixel_interfaces/srv/SetDataToDxl.srv
[1.186s] -- Up-to-date symlink: /home/hoan/colcon_ws/install/dynamixel_interfaces/share/dynamixel_interfaces/srv/SetDataToDxl_Request.msg
[1.187s] -- Up-to-date symlink: /home/hoan/colcon_ws/install/dynamixel_interfaces/share/dynamixel_interfaces/srv/SetDataToDxl_Response.msg
[1.187s] -- Up-to-date symlink: /home/hoan/colcon_ws/install/dynamixel_interfaces/share/dynamixel_interfaces/srv/RebootDxl.srv
[1.188s] -- Up-to-date symlink: /home/hoan/colcon_ws/install/dynamixel_interfaces/share/dynamixel_interfaces/srv/RebootDxl_Request.msg
[1.188s] -- Up-to-date symlink: /home/hoan/colcon_ws/install/dynamixel_interfaces/share/dynamixel_interfaces/srv/RebootDxl_Response.msg
[1.188s] -- Up-to-date symlink: /home/hoan/colcon_ws/install/dynamixel_interfaces/share/ament_index/resource_index/package_run_dependencies/dynamixel_interfaces
[1.189s] -- Up-to-date symlink: /home/hoan/colcon_ws/install/dynamixel_interfaces/share/ament_index/resource_index/parent_prefix_path/dynamixel_interfaces
[1.189s] -- Up-to-date symlink: /home/hoan/colcon_ws/install/dynamixel_interfaces/share/dynamixel_interfaces/environment/ament_prefix_path.sh
[1.189s] -- Up-to-date symlink: /home/hoan/colcon_ws/install/dynamixel_interfaces/share/dynamixel_interfaces/environment/ament_prefix_path.dsv
[1.194s] -- Up-to-date symlink: /home/hoan/colcon_ws/install/dynamixel_interfaces/share/dynamixel_interfaces/environment/path.sh
[1.195s] -- Up-to-date symlink: /home/hoan/colcon_ws/install/dynamixel_interfaces/share/dynamixel_interfaces/environment/path.dsv
[1.199s] -- Up-to-date symlink: /home/hoan/colcon_ws/install/dynamixel_interfaces/share/dynamixel_interfaces/local_setup.bash
[1.202s] -- Up-to-date symlink: /home/hoan/colcon_ws/install/dynamixel_interfaces/share/dynamixel_interfaces/local_setup.sh
[1.202s] -- Up-to-date symlink: /home/hoan/colcon_ws/install/dynamixel_interfaces/share/dynamixel_interfaces/local_setup.zsh
[1.203s] -- Up-to-date symlink: /home/hoan/colcon_ws/install/dynamixel_interfaces/share/dynamixel_interfaces/local_setup.dsv
[1.203s] -- Symlinking: /home/hoan/colcon_ws/install/dynamixel_interfaces/share/dynamixel_interfaces/package.dsv
[1.218s] -- Up-to-date symlink: /home/hoan/colcon_ws/install/dynamixel_interfaces/share/ament_index/resource_index/packages/dynamixel_interfaces
[1.222s] -- Up-to-date symlink: /home/hoan/colcon_ws/install/dynamixel_interfaces/share/dynamixel_interfaces/cmake/rosidl_cmake-extras.cmake
[1.223s] -- Up-to-date symlink: /home/hoan/colcon_ws/install/dynamixel_interfaces/share/dynamixel_interfaces/cmake/ament_cmake_export_dependencies-extras.cmake
[1.226s] -- Up-to-date symlink: /home/hoan/colcon_ws/install/dynamixel_interfaces/share/dynamixel_interfaces/cmake/ament_cmake_export_include_directories-extras.cmake
[1.229s] -- Up-to-date symlink: /home/hoan/colcon_ws/install/dynamixel_interfaces/share/dynamixel_interfaces/cmake/ament_cmake_export_libraries-extras.cmake
[1.230s] -- Up-to-date symlink: /home/hoan/colcon_ws/install/dynamixel_interfaces/share/dynamixel_interfaces/cmake/ament_cmake_export_targets-extras.cmake
[1.230s] -- Up-to-date symlink: /home/hoan/colcon_ws/install/dynamixel_interfaces/share/dynamixel_interfaces/cmake/rosidl_cmake_export_typesupport_targets-extras.cmake
[1.231s] -- Up-to-date symlink: /home/hoan/colcon_ws/install/dynamixel_interfaces/share/dynamixel_interfaces/cmake/rosidl_cmake_export_typesupport_libraries-extras.cmake
[1.232s] -- Up-to-date symlink: /home/hoan/colcon_ws/install/dynamixel_interfaces/share/dynamixel_interfaces/cmake/dynamixel_interfacesConfig.cmake
[1.232s] -- Up-to-date symlink: /home/hoan/colcon_ws/install/dynamixel_interfaces/share/dynamixel_interfaces/cmake/dynamixel_interfacesConfig-version.cmake
[1.233s] -- Up-to-date symlink: /home/hoan/colcon_ws/install/dynamixel_interfaces/share/dynamixel_interfaces/package.xml
[1.236s] -- Up-to-date: /home/hoan/colcon_ws/install/dynamixel_interfaces/lib/libdynamixel_interfaces__rosidl_generator_c.so
[1.238s] -- Up-to-date: /home/hoan/colcon_ws/install/dynamixel_interfaces/lib/libdynamixel_interfaces__rosidl_typesupport_fastrtps_c.so
[1.244s] -- Up-to-date: /home/hoan/colcon_ws/install/dynamixel_interfaces/lib/libdynamixel_interfaces__rosidl_typesupport_fastrtps_cpp.so
[1.245s] -- Up-to-date: /home/hoan/colcon_ws/install/dynamixel_interfaces/lib/libdynamixel_interfaces__rosidl_typesupport_introspection_c.so
[1.248s] -- Up-to-date: /home/hoan/colcon_ws/install/dynamixel_interfaces/lib/libdynamixel_interfaces__rosidl_typesupport_c.so
[1.256s] -- Up-to-date: /home/hoan/colcon_ws/install/dynamixel_interfaces/lib/libdynamixel_interfaces__rosidl_typesupport_introspection_cpp.so
[1.260s] -- Up-to-date: /home/hoan/colcon_ws/install/dynamixel_interfaces/lib/libdynamixel_interfaces__rosidl_typesupport_cpp.so
[1.325s] Listing '/home/hoan/colcon_ws/install/dynamixel_interfaces/local/lib/python3.10/dist-packages/dynamixel_interfaces'...
[1.327s] Listing '/home/hoan/colcon_ws/install/dynamixel_interfaces/local/lib/python3.10/dist-packages/dynamixel_interfaces/msg'...
[1.328s] Listing '/home/hoan/colcon_ws/install/dynamixel_interfaces/local/lib/python3.10/dist-packages/dynamixel_interfaces/srv'...
[1.343s] -- Up-to-date: /home/hoan/colcon_ws/install/dynamixel_interfaces/lib/libdynamixel_interfaces__rosidl_generator_py.so
[1.343s] -- Up-to-date: /home/hoan/colcon_ws/install/dynamixel_interfaces/share/dynamixel_interfaces/cmake/export_dynamixel_interfaces__rosidl_generator_cExport.cmake
[1.343s] -- Up-to-date: /home/hoan/colcon_ws/install/dynamixel_interfaces/share/dynamixel_interfaces/cmake/export_dynamixel_interfaces__rosidl_generator_cExport-noconfig.cmake
[1.344s] -- Up-to-date: /home/hoan/colcon_ws/install/dynamixel_interfaces/share/dynamixel_interfaces/cmake/export_dynamixel_interfaces__rosidl_typesupport_fastrtps_cExport.cmake
[1.344s] -- Up-to-date: /home/hoan/colcon_ws/install/dynamixel_interfaces/share/dynamixel_interfaces/cmake/export_dynamixel_interfaces__rosidl_typesupport_fastrtps_cExport-noconfig.cmake
[1.348s] -- Up-to-date: /home/hoan/colcon_ws/install/dynamixel_interfaces/share/dynamixel_interfaces/cmake/export_dynamixel_interfaces__rosidl_generator_cppExport.cmake
[1.349s] -- Up-to-date: /home/hoan/colcon_ws/install/dynamixel_interfaces/share/dynamixel_interfaces/cmake/export_dynamixel_interfaces__rosidl_typesupport_fastrtps_cppExport.cmake
[1.349s] -- Up-to-date: /home/hoan/colcon_ws/install/dynamixel_interfaces/share/dynamixel_interfaces/cmake/export_dynamixel_interfaces__rosidl_typesupport_fastrtps_cppExport-noconfig.cmake
[1.349s] -- Up-to-date: /home/hoan/colcon_ws/install/dynamixel_interfaces/share/dynamixel_interfaces/cmake/dynamixel_interfaces__rosidl_typesupport_introspection_cExport.cmake
[1.350s] -- Up-to-date: /home/hoan/colcon_ws/install/dynamixel_interfaces/share/dynamixel_interfaces/cmake/dynamixel_interfaces__rosidl_typesupport_introspection_cExport-noconfig.cmake
[1.351s] -- Up-to-date: /home/hoan/colcon_ws/install/dynamixel_interfaces/share/dynamixel_interfaces/cmake/dynamixel_interfaces__rosidl_typesupport_cExport.cmake
[1.351s] -- Up-to-date: /home/hoan/colcon_ws/install/dynamixel_interfaces/share/dynamixel_interfaces/cmake/dynamixel_interfaces__rosidl_typesupport_cExport-noconfig.cmake
[1.357s] -- Up-to-date: /home/hoan/colcon_ws/install/dynamixel_interfaces/share/dynamixel_interfaces/cmake/dynamixel_interfaces__rosidl_typesupport_introspection_cppExport.cmake
[1.357s] -- Up-to-date: /home/hoan/colcon_ws/install/dynamixel_interfaces/share/dynamixel_interfaces/cmake/dynamixel_interfaces__rosidl_typesupport_introspection_cppExport-noconfig.cmake
[1.358s] -- Up-to-date: /home/hoan/colcon_ws/install/dynamixel_interfaces/share/dynamixel_interfaces/cmake/dynamixel_interfaces__rosidl_typesupport_cppExport.cmake
[1.358s] -- Up-to-date: /home/hoan/colcon_ws/install/dynamixel_interfaces/share/dynamixel_interfaces/cmake/dynamixel_interfaces__rosidl_typesupport_cppExport-noconfig.cmake
[1.358s] -- Up-to-date: /home/hoan/colcon_ws/install/dynamixel_interfaces/share/dynamixel_interfaces/cmake/export_dynamixel_interfaces__rosidl_generator_pyExport.cmake
[1.358s] -- Up-to-date: /home/hoan/colcon_ws/install/dynamixel_interfaces/share/dynamixel_interfaces/cmake/export_dynamixel_interfaces__rosidl_generator_pyExport-noconfig.cmake
[1.384s] Invoked command in '/home/hoan/colcon_ws/build/dynamixel_interfaces' returned '0': CMAKE_PREFIX_PATH=${CMAKE_PREFIX_PATH}:/home/hoan/ros2_ws/install/camera_onnx_processor:/opt/ros/humble /usr/bin/cmake --install /home/hoan/colcon_ws/build/dynamixel_interfaces
