[0.054s] Invoking command in '/home/hoan/colcon_ws/build/dynamixel_interfaces': CMAKE_PREFIX_PATH=${CMAKE_PREFIX_PATH}:/home/hoan/ros2_ws/install/camera_onnx_processor:/opt/ros/humble /usr/bin/cmake --build /home/hoan/colcon_ws/build/dynamixel_interfaces -- -j8 -l8
[0.195s] [  1%] Built target dynamixel_interfaces__cpp
[0.211s] [  1%] Built target ament_cmake_python_symlink_dynamixel_interfaces
[0.231s] [ 12%] Built target dynamixel_interfaces__rosidl_generator_c
[0.276s] [ 23%] Built target dynamixel_interfaces__rosidl_typesupport_introspection_cpp
[0.297s] [ 34%] Built target dynamixel_interfaces__rosidl_typesupport_cpp
[0.319s] [ 45%] Built target dynamixel_interfaces__rosidl_typesupport_fastrtps_cpp
[0.337s] [ 56%] Built target dynamixel_interfaces__rosidl_typesupport_introspection_c
[0.352s] [ 67%] Built target dynamixel_interfaces__rosidl_typesupport_c
[0.362s] [ 78%] Built target dynamixel_interfaces__rosidl_typesupport_fastrtps_c
[0.412s] [ 78%] Built target dynamixel_interfaces
[0.478s] [ 80%] Built target dynamixel_interfaces__py
[0.532s] [ 89%] Built target dynamixel_interfaces__rosidl_generator_py
[0.616s] [ 92%] Built target dynamixel_interfaces__rosidl_typesupport_introspection_c__pyext
[0.624s] [ 96%] Built target dynamixel_interfaces__rosidl_typesupport_c__pyext
[0.635s] [100%] Built target dynamixel_interfaces__rosidl_typesupport_fastrtps_c__pyext
[0.898s] running egg_info
[0.899s] writing dynamixel_interfaces.egg-info/PKG-INFO
[0.899s] writing dependency_links to dynamixel_interfaces.egg-info/dependency_links.txt
[0.900s] writing top-level names to dynamixel_interfaces.egg-info/top_level.txt
[0.909s] reading manifest file 'dynamixel_interfaces.egg-info/SOURCES.txt'
[0.910s] writing manifest file 'dynamixel_interfaces.egg-info/SOURCES.txt'
[0.959s] [100%] Built target ament_cmake_python_build_dynamixel_interfaces_egg
[0.973s] Invoked command in '/home/hoan/colcon_ws/build/dynamixel_interfaces' returned '0': CMAKE_PREFIX_PATH=${CMAKE_PREFIX_PATH}:/home/hoan/ros2_ws/install/camera_onnx_processor:/opt/ros/humble /usr/bin/cmake --build /home/hoan/colcon_ws/build/dynamixel_interfaces -- -j8 -l8
[0.977s] Invoking command in '/home/hoan/colcon_ws/build/dynamixel_interfaces': CMAKE_PREFIX_PATH=${CMAKE_PREFIX_PATH}:/home/hoan/ros2_ws/install/camera_onnx_processor:/opt/ros/humble /usr/bin/cmake --install /home/hoan/colcon_ws/build/dynamixel_interfaces
[0.996s] -- Install configuration: ""
[1.000s] -- Execute custom install script
[1.000s] -- Up-to-date symlink: /home/hoan/colcon_ws/install/dynamixel_interfaces/share/ament_index/resource_index/rosidl_interfaces/dynamixel_interfaces
[1.005s] -- Up-to-date symlink: /home/hoan/colcon_ws/install/dynamixel_interfaces/include/dynamixel_interfaces/dynamixel_interfaces/msg/detail/dynamixel_state__functions.h
[1.005s] -- Up-to-date symlink: /home/hoan/colcon_ws/install/dynamixel_interfaces/include/dynamixel_interfaces/dynamixel_interfaces/msg/detail/dynamixel_state__struct.h
[1.005s] -- Up-to-date symlink: /home/hoan/colcon_ws/install/dynamixel_interfaces/include/dynamixel_interfaces/dynamixel_interfaces/msg/detail/dynamixel_state__type_support.h
[1.006s] -- Up-to-date symlink: /home/hoan/colcon_ws/install/dynamixel_interfaces/include/dynamixel_interfaces/dynamixel_interfaces/msg/dynamixel_state.h
[1.006s] -- Up-to-date symlink: /home/hoan/colcon_ws/install/dynamixel_interfaces/include/dynamixel_interfaces/dynamixel_interfaces/msg/rosidl_generator_c__visibility_control.h
[1.006s] -- Up-to-date symlink: /home/hoan/colcon_ws/install/dynamixel_interfaces/include/dynamixel_interfaces/dynamixel_interfaces/srv/detail/get_data_from_dxl__functions.h
[1.006s] -- Up-to-date symlink: /home/hoan/colcon_ws/install/dynamixel_interfaces/include/dynamixel_interfaces/dynamixel_interfaces/srv/detail/get_data_from_dxl__struct.h
[1.006s] -- Up-to-date symlink: /home/hoan/colcon_ws/install/dynamixel_interfaces/include/dynamixel_interfaces/dynamixel_interfaces/srv/detail/get_data_from_dxl__type_support.h
[1.006s] -- Up-to-date symlink: /home/hoan/colcon_ws/install/dynamixel_interfaces/include/dynamixel_interfaces/dynamixel_interfaces/srv/detail/reboot_dxl__functions.h
[1.007s] -- Up-to-date symlink: /home/hoan/colcon_ws/install/dynamixel_interfaces/include/dynamixel_interfaces/dynamixel_interfaces/srv/detail/reboot_dxl__struct.h
[1.007s] -- Up-to-date symlink: /home/hoan/colcon_ws/install/dynamixel_interfaces/include/dynamixel_interfaces/dynamixel_interfaces/srv/detail/reboot_dxl__type_support.h
[1.007s] -- Up-to-date symlink: /home/hoan/colcon_ws/install/dynamixel_interfaces/include/dynamixel_interfaces/dynamixel_interfaces/srv/detail/set_data_to_dxl__functions.h
[1.007s] -- Up-to-date symlink: /home/hoan/colcon_ws/install/dynamixel_interfaces/include/dynamixel_interfaces/dynamixel_interfaces/srv/detail/set_data_to_dxl__struct.h
[1.008s] -- Up-to-date symlink: /home/hoan/colcon_ws/install/dynamixel_interfaces/include/dynamixel_interfaces/dynamixel_interfaces/srv/detail/set_data_to_dxl__type_support.h
[1.008s] -- Up-to-date symlink: /home/hoan/colcon_ws/install/dynamixel_interfaces/include/dynamixel_interfaces/dynamixel_interfaces/srv/get_data_from_dxl.h
[1.009s] -- Up-to-date symlink: /home/hoan/colcon_ws/install/dynamixel_interfaces/include/dynamixel_interfaces/dynamixel_interfaces/srv/reboot_dxl.h
[1.009s] -- Up-to-date symlink: /home/hoan/colcon_ws/install/dynamixel_interfaces/include/dynamixel_interfaces/dynamixel_interfaces/srv/set_data_to_dxl.h
[1.009s] -- Up-to-date symlink: /home/hoan/colcon_ws/install/dynamixel_interfaces/share/dynamixel_interfaces/environment/library_path.sh
[1.010s] -- Up-to-date symlink: /home/hoan/colcon_ws/install/dynamixel_interfaces/share/dynamixel_interfaces/environment/library_path.dsv
[1.013s] -- Up-to-date symlink: /home/hoan/colcon_ws/install/dynamixel_interfaces/include/dynamixel_interfaces/dynamixel_interfaces/msg/detail/dynamixel_state__rosidl_typesupport_fastrtps_c.h
[1.013s] -- Up-to-date symlink: /home/hoan/colcon_ws/install/dynamixel_interfaces/include/dynamixel_interfaces/dynamixel_interfaces/msg/rosidl_typesupport_fastrtps_c__visibility_control.h
[1.013s] -- Up-to-date symlink: /home/hoan/colcon_ws/install/dynamixel_interfaces/include/dynamixel_interfaces/dynamixel_interfaces/srv/detail/get_data_from_dxl__rosidl_typesupport_fastrtps_c.h
[1.013s] -- Up-to-date symlink: /home/hoan/colcon_ws/install/dynamixel_interfaces/include/dynamixel_interfaces/dynamixel_interfaces/srv/detail/reboot_dxl__rosidl_typesupport_fastrtps_c.h
[1.013s] -- Up-to-date symlink: /home/hoan/colcon_ws/install/dynamixel_interfaces/include/dynamixel_interfaces/dynamixel_interfaces/srv/detail/set_data_to_dxl__rosidl_typesupport_fastrtps_c.h
[1.014s] -- Up-to-date symlink: /home/hoan/colcon_ws/install/dynamixel_interfaces/include/dynamixel_interfaces/dynamixel_interfaces/msg/detail/dynamixel_state__builder.hpp
[1.015s] -- Up-to-date symlink: /home/hoan/colcon_ws/install/dynamixel_interfaces/include/dynamixel_interfaces/dynamixel_interfaces/msg/detail/dynamixel_state__struct.hpp
[1.015s] -- Up-to-date symlink: /home/hoan/colcon_ws/install/dynamixel_interfaces/include/dynamixel_interfaces/dynamixel_interfaces/msg/detail/dynamixel_state__traits.hpp
[1.015s] -- Up-to-date symlink: /home/hoan/colcon_ws/install/dynamixel_interfaces/include/dynamixel_interfaces/dynamixel_interfaces/msg/detail/dynamixel_state__type_support.hpp
[1.015s] -- Up-to-date symlink: /home/hoan/colcon_ws/install/dynamixel_interfaces/include/dynamixel_interfaces/dynamixel_interfaces/msg/dynamixel_state.hpp
[1.015s] -- Up-to-date symlink: /home/hoan/colcon_ws/install/dynamixel_interfaces/include/dynamixel_interfaces/dynamixel_interfaces/msg/rosidl_generator_cpp__visibility_control.hpp
[1.015s] -- Up-to-date symlink: /home/hoan/colcon_ws/install/dynamixel_interfaces/include/dynamixel_interfaces/dynamixel_interfaces/srv/detail/get_data_from_dxl__builder.hpp
[1.015s] -- Up-to-date symlink: /home/hoan/colcon_ws/install/dynamixel_interfaces/include/dynamixel_interfaces/dynamixel_interfaces/srv/detail/get_data_from_dxl__struct.hpp
[1.016s] -- Up-to-date symlink: /home/hoan/colcon_ws/install/dynamixel_interfaces/include/dynamixel_interfaces/dynamixel_interfaces/srv/detail/get_data_from_dxl__traits.hpp
[1.016s] -- Up-to-date symlink: /home/hoan/colcon_ws/install/dynamixel_interfaces/include/dynamixel_interfaces/dynamixel_interfaces/srv/detail/get_data_from_dxl__type_support.hpp
[1.016s] -- Up-to-date symlink: /home/hoan/colcon_ws/install/dynamixel_interfaces/include/dynamixel_interfaces/dynamixel_interfaces/srv/detail/reboot_dxl__builder.hpp
[1.016s] -- Up-to-date symlink: /home/hoan/colcon_ws/install/dynamixel_interfaces/include/dynamixel_interfaces/dynamixel_interfaces/srv/detail/reboot_dxl__struct.hpp
[1.018s] -- Up-to-date symlink: /home/hoan/colcon_ws/install/dynamixel_interfaces/include/dynamixel_interfaces/dynamixel_interfaces/srv/detail/reboot_dxl__traits.hpp
[1.018s] -- Up-to-date symlink: /home/hoan/colcon_ws/install/dynamixel_interfaces/include/dynamixel_interfaces/dynamixel_interfaces/srv/detail/reboot_dxl__type_support.hpp
[1.018s] -- Up-to-date symlink: /home/hoan/colcon_ws/install/dynamixel_interfaces/include/dynamixel_interfaces/dynamixel_interfaces/srv/detail/set_data_to_dxl__builder.hpp
[1.018s] -- Up-to-date symlink: /home/hoan/colcon_ws/install/dynamixel_interfaces/include/dynamixel_interfaces/dynamixel_interfaces/srv/detail/set_data_to_dxl__struct.hpp
[1.018s] -- Up-to-date symlink: /home/hoan/colcon_ws/install/dynamixel_interfaces/include/dynamixel_interfaces/dynamixel_interfaces/srv/detail/set_data_to_dxl__traits.hpp
[1.018s] -- Up-to-date symlink: /home/hoan/colcon_ws/install/dynamixel_interfaces/include/dynamixel_interfaces/dynamixel_interfaces/srv/detail/set_data_to_dxl__type_support.hpp
[1.019s] -- Up-to-date symlink: /home/hoan/colcon_ws/install/dynamixel_interfaces/include/dynamixel_interfaces/dynamixel_interfaces/srv/get_data_from_dxl.hpp
[1.019s] -- Up-to-date symlink: /home/hoan/colcon_ws/install/dynamixel_interfaces/include/dynamixel_interfaces/dynamixel_interfaces/srv/reboot_dxl.hpp
[1.019s] -- Up-to-date symlink: /home/hoan/colcon_ws/install/dynamixel_interfaces/include/dynamixel_interfaces/dynamixel_interfaces/srv/set_data_to_dxl.hpp
[1.019s] -- Up-to-date symlink: /home/hoan/colcon_ws/install/dynamixel_interfaces/include/dynamixel_interfaces/dynamixel_interfaces/msg/detail/dynamixel_state__rosidl_typesupport_fastrtps_cpp.hpp
[1.019s] -- Up-to-date symlink: /home/hoan/colcon_ws/install/dynamixel_interfaces/include/dynamixel_interfaces/dynamixel_interfaces/msg/rosidl_typesupport_fastrtps_cpp__visibility_control.h
[1.019s] -- Up-to-date symlink: /home/hoan/colcon_ws/install/dynamixel_interfaces/include/dynamixel_interfaces/dynamixel_interfaces/srv/detail/get_data_from_dxl__rosidl_typesupport_fastrtps_cpp.hpp
[1.020s] -- Up-to-date symlink: /home/hoan/colcon_ws/install/dynamixel_interfaces/include/dynamixel_interfaces/dynamixel_interfaces/srv/detail/reboot_dxl__rosidl_typesupport_fastrtps_cpp.hpp
[1.020s] -- Up-to-date symlink: /home/hoan/colcon_ws/install/dynamixel_interfaces/include/dynamixel_interfaces/dynamixel_interfaces/srv/detail/set_data_to_dxl__rosidl_typesupport_fastrtps_cpp.hpp
[1.023s] -- Up-to-date symlink: /home/hoan/colcon_ws/install/dynamixel_interfaces/include/dynamixel_interfaces/dynamixel_interfaces/msg/detail/dynamixel_state__rosidl_typesupport_introspection_c.h
[1.023s] -- Up-to-date symlink: /home/hoan/colcon_ws/install/dynamixel_interfaces/include/dynamixel_interfaces/dynamixel_interfaces/msg/rosidl_typesupport_introspection_c__visibility_control.h
[1.023s] -- Up-to-date symlink: /home/hoan/colcon_ws/install/dynamixel_interfaces/include/dynamixel_interfaces/dynamixel_interfaces/srv/detail/get_data_from_dxl__rosidl_typesupport_introspection_c.h
[1.023s] -- Up-to-date symlink: /home/hoan/colcon_ws/install/dynamixel_interfaces/include/dynamixel_interfaces/dynamixel_interfaces/srv/detail/reboot_dxl__rosidl_typesupport_introspection_c.h
[1.023s] -- Up-to-date symlink: /home/hoan/colcon_ws/install/dynamixel_interfaces/include/dynamixel_interfaces/dynamixel_interfaces/srv/detail/set_data_to_dxl__rosidl_typesupport_introspection_c.h
[1.023s] -- Up-to-date symlink: /home/hoan/colcon_ws/install/dynamixel_interfaces/include/dynamixel_interfaces/dynamixel_interfaces/msg/detail/dynamixel_state__rosidl_typesupport_introspection_cpp.hpp
[1.023s] -- Up-to-date symlink: /home/hoan/colcon_ws/install/dynamixel_interfaces/include/dynamixel_interfaces/dynamixel_interfaces/srv/detail/get_data_from_dxl__rosidl_typesupport_introspection_cpp.hpp
[1.023s] -- Up-to-date symlink: /home/hoan/colcon_ws/install/dynamixel_interfaces/include/dynamixel_interfaces/dynamixel_interfaces/srv/detail/reboot_dxl__rosidl_typesupport_introspection_cpp.hpp
[1.023s] -- Up-to-date symlink: /home/hoan/colcon_ws/install/dynamixel_interfaces/include/dynamixel_interfaces/dynamixel_interfaces/srv/detail/set_data_to_dxl__rosidl_typesupport_introspection_cpp.hpp
[1.023s] -- Up-to-date symlink: /home/hoan/colcon_ws/install/dynamixel_interfaces/share/dynamixel_interfaces/environment/pythonpath.sh
[1.024s] -- Up-to-date symlink: /home/hoan/colcon_ws/install/dynamixel_interfaces/share/dynamixel_interfaces/environment/pythonpath.dsv
[1.027s] -- Up-to-date symlink: /home/hoan/colcon_ws/install/dynamixel_interfaces/local/lib/python3.10/dist-packages/dynamixel_interfaces-1.0.1-py3.10.egg-info/PKG-INFO
[1.027s] -- Up-to-date symlink: /home/hoan/colcon_ws/install/dynamixel_interfaces/local/lib/python3.10/dist-packages/dynamixel_interfaces-1.0.1-py3.10.egg-info/SOURCES.txt
[1.027s] -- Up-to-date symlink: /home/hoan/colcon_ws/install/dynamixel_interfaces/local/lib/python3.10/dist-packages/dynamixel_interfaces-1.0.1-py3.10.egg-info/dependency_links.txt
[1.027s] -- Up-to-date symlink: /home/hoan/colcon_ws/install/dynamixel_interfaces/local/lib/python3.10/dist-packages/dynamixel_interfaces-1.0.1-py3.10.egg-info/top_level.txt
[1.033s] -- Up-to-date symlink: /home/hoan/colcon_ws/install/dynamixel_interfaces/local/lib/python3.10/dist-packages/dynamixel_interfaces/__init__.py
[1.034s] -- Up-to-date symlink: /home/hoan/colcon_ws/install/dynamixel_interfaces/local/lib/python3.10/dist-packages/dynamixel_interfaces/_dynamixel_interfaces_s.ep.rosidl_typesupport_c.c
[1.034s] -- Up-to-date symlink: /home/hoan/colcon_ws/install/dynamixel_interfaces/local/lib/python3.10/dist-packages/dynamixel_interfaces/_dynamixel_interfaces_s.ep.rosidl_typesupport_fastrtps_c.c
[1.034s] -- Up-to-date symlink: /home/hoan/colcon_ws/install/dynamixel_interfaces/local/lib/python3.10/dist-packages/dynamixel_interfaces/_dynamixel_interfaces_s.ep.rosidl_typesupport_introspection_c.c
[1.034s] -- Up-to-date symlink: /home/hoan/colcon_ws/install/dynamixel_interfaces/local/lib/python3.10/dist-packages/dynamixel_interfaces/dynamixel_interfaces_s__rosidl_typesupport_c.cpython-310-x86_64-linux-gnu.so
[1.034s] -- Up-to-date symlink: /home/hoan/colcon_ws/install/dynamixel_interfaces/local/lib/python3.10/dist-packages/dynamixel_interfaces/dynamixel_interfaces_s__rosidl_typesupport_fastrtps_c.cpython-310-x86_64-linux-gnu.so
[1.034s] -- Up-to-date symlink: /home/hoan/colcon_ws/install/dynamixel_interfaces/local/lib/python3.10/dist-packages/dynamixel_interfaces/dynamixel_interfaces_s__rosidl_typesupport_introspection_c.cpython-310-x86_64-linux-gnu.so
[1.034s] -- Up-to-date symlink: /home/hoan/colcon_ws/install/dynamixel_interfaces/local/lib/python3.10/dist-packages/dynamixel_interfaces/libdynamixel_interfaces__rosidl_generator_py.so
[1.034s] -- Up-to-date symlink: /home/hoan/colcon_ws/install/dynamixel_interfaces/local/lib/python3.10/dist-packages/dynamixel_interfaces/msg/__init__.py
[1.034s] -- Up-to-date symlink: /home/hoan/colcon_ws/install/dynamixel_interfaces/local/lib/python3.10/dist-packages/dynamixel_interfaces/msg/_dynamixel_state.py
[1.034s] -- Up-to-date symlink: /home/hoan/colcon_ws/install/dynamixel_interfaces/local/lib/python3.10/dist-packages/dynamixel_interfaces/msg/_dynamixel_state_s.c
[1.035s] -- Up-to-date symlink: /home/hoan/colcon_ws/install/dynamixel_interfaces/local/lib/python3.10/dist-packages/dynamixel_interfaces/srv/__init__.py
[1.035s] -- Up-to-date symlink: /home/hoan/colcon_ws/install/dynamixel_interfaces/local/lib/python3.10/dist-packages/dynamixel_interfaces/srv/_get_data_from_dxl.py
[1.035s] -- Up-to-date symlink: /home/hoan/colcon_ws/install/dynamixel_interfaces/local/lib/python3.10/dist-packages/dynamixel_interfaces/srv/_get_data_from_dxl_s.c
[1.035s] -- Up-to-date symlink: /home/hoan/colcon_ws/install/dynamixel_interfaces/local/lib/python3.10/dist-packages/dynamixel_interfaces/srv/_reboot_dxl.py
[1.037s] -- Up-to-date symlink: /home/hoan/colcon_ws/install/dynamixel_interfaces/local/lib/python3.10/dist-packages/dynamixel_interfaces/srv/_reboot_dxl_s.c
[1.038s] -- Up-to-date symlink: /home/hoan/colcon_ws/install/dynamixel_interfaces/local/lib/python3.10/dist-packages/dynamixel_interfaces/srv/_set_data_to_dxl.py
[1.038s] -- Up-to-date symlink: /home/hoan/colcon_ws/install/dynamixel_interfaces/local/lib/python3.10/dist-packages/dynamixel_interfaces/srv/_set_data_to_dxl_s.c
[1.038s] -- Up-to-date symlink: /home/hoan/colcon_ws/install/dynamixel_interfaces/local/lib/python3.10/dist-packages/dynamixel_interfaces/dynamixel_interfaces_s__rosidl_typesupport_fastrtps_c.cpython-310-x86_64-linux-gnu.so
[1.039s] -- Up-to-date symlink: /home/hoan/colcon_ws/install/dynamixel_interfaces/local/lib/python3.10/dist-packages/dynamixel_interfaces/dynamixel_interfaces_s__rosidl_typesupport_introspection_c.cpython-310-x86_64-linux-gnu.so
[1.039s] -- Up-to-date symlink: /home/hoan/colcon_ws/install/dynamixel_interfaces/local/lib/python3.10/dist-packages/dynamixel_interfaces/dynamixel_interfaces_s__rosidl_typesupport_c.cpython-310-x86_64-linux-gnu.so
[1.039s] -- Up-to-date symlink: /home/hoan/colcon_ws/install/dynamixel_interfaces/share/dynamixel_interfaces/msg/DynamixelState.idl
[1.039s] -- Up-to-date symlink: /home/hoan/colcon_ws/install/dynamixel_interfaces/share/dynamixel_interfaces/srv/GetDataFromDxl.idl
[1.039s] -- Up-to-date symlink: /home/hoan/colcon_ws/install/dynamixel_interfaces/share/dynamixel_interfaces/srv/SetDataToDxl.idl
[1.040s] -- Up-to-date symlink: /home/hoan/colcon_ws/install/dynamixel_interfaces/share/dynamixel_interfaces/srv/RebootDxl.idl
[1.040s] -- Up-to-date symlink: /home/hoan/colcon_ws/install/dynamixel_interfaces/share/dynamixel_interfaces/msg/DynamixelState.msg
[1.040s] -- Up-to-date symlink: /home/hoan/colcon_ws/install/dynamixel_interfaces/share/dynamixel_interfaces/srv/GetDataFromDxl.srv
[1.040s] -- Up-to-date symlink: /home/hoan/colcon_ws/install/dynamixel_interfaces/share/dynamixel_interfaces/srv/GetDataFromDxl_Request.msg
[1.041s] -- Up-to-date symlink: /home/hoan/colcon_ws/install/dynamixel_interfaces/share/dynamixel_interfaces/srv/GetDataFromDxl_Response.msg
[1.041s] -- Up-to-date symlink: /home/hoan/colcon_ws/install/dynamixel_interfaces/share/dynamixel_interfaces/srv/SetDataToDxl.srv
[1.041s] -- Up-to-date symlink: /home/hoan/colcon_ws/install/dynamixel_interfaces/share/dynamixel_interfaces/srv/SetDataToDxl_Request.msg
[1.041s] -- Up-to-date symlink: /home/hoan/colcon_ws/install/dynamixel_interfaces/share/dynamixel_interfaces/srv/SetDataToDxl_Response.msg
[1.041s] -- Up-to-date symlink: /home/hoan/colcon_ws/install/dynamixel_interfaces/share/dynamixel_interfaces/srv/RebootDxl.srv
[1.042s] -- Up-to-date symlink: /home/hoan/colcon_ws/install/dynamixel_interfaces/share/dynamixel_interfaces/srv/RebootDxl_Request.msg
[1.042s] -- Up-to-date symlink: /home/hoan/colcon_ws/install/dynamixel_interfaces/share/dynamixel_interfaces/srv/RebootDxl_Response.msg
[1.042s] -- Up-to-date symlink: /home/hoan/colcon_ws/install/dynamixel_interfaces/share/ament_index/resource_index/package_run_dependencies/dynamixel_interfaces
[1.042s] -- Up-to-date symlink: /home/hoan/colcon_ws/install/dynamixel_interfaces/share/ament_index/resource_index/parent_prefix_path/dynamixel_interfaces
[1.042s] -- Up-to-date symlink: /home/hoan/colcon_ws/install/dynamixel_interfaces/share/dynamixel_interfaces/environment/ament_prefix_path.sh
[1.042s] -- Up-to-date symlink: /home/hoan/colcon_ws/install/dynamixel_interfaces/share/dynamixel_interfaces/environment/ament_prefix_path.dsv
[1.042s] -- Up-to-date symlink: /home/hoan/colcon_ws/install/dynamixel_interfaces/share/dynamixel_interfaces/environment/path.sh
[1.042s] -- Up-to-date symlink: /home/hoan/colcon_ws/install/dynamixel_interfaces/share/dynamixel_interfaces/environment/path.dsv
[1.042s] -- Up-to-date symlink: /home/hoan/colcon_ws/install/dynamixel_interfaces/share/dynamixel_interfaces/local_setup.bash
[1.042s] -- Up-to-date symlink: /home/hoan/colcon_ws/install/dynamixel_interfaces/share/dynamixel_interfaces/local_setup.sh
[1.042s] -- Up-to-date symlink: /home/hoan/colcon_ws/install/dynamixel_interfaces/share/dynamixel_interfaces/local_setup.zsh
[1.043s] -- Up-to-date symlink: /home/hoan/colcon_ws/install/dynamixel_interfaces/share/dynamixel_interfaces/local_setup.dsv
[1.043s] -- Symlinking: /home/hoan/colcon_ws/install/dynamixel_interfaces/share/dynamixel_interfaces/package.dsv
[1.045s] -- Up-to-date symlink: /home/hoan/colcon_ws/install/dynamixel_interfaces/share/ament_index/resource_index/packages/dynamixel_interfaces
[1.045s] -- Up-to-date symlink: /home/hoan/colcon_ws/install/dynamixel_interfaces/share/dynamixel_interfaces/cmake/rosidl_cmake-extras.cmake
[1.045s] -- Up-to-date symlink: /home/hoan/colcon_ws/install/dynamixel_interfaces/share/dynamixel_interfaces/cmake/ament_cmake_export_dependencies-extras.cmake
[1.046s] -- Up-to-date symlink: /home/hoan/colcon_ws/install/dynamixel_interfaces/share/dynamixel_interfaces/cmake/ament_cmake_export_include_directories-extras.cmake
[1.046s] -- Up-to-date symlink: /home/hoan/colcon_ws/install/dynamixel_interfaces/share/dynamixel_interfaces/cmake/ament_cmake_export_libraries-extras.cmake
[1.047s] -- Up-to-date symlink: /home/hoan/colcon_ws/install/dynamixel_interfaces/share/dynamixel_interfaces/cmake/ament_cmake_export_targets-extras.cmake
[1.047s] -- Up-to-date symlink: /home/hoan/colcon_ws/install/dynamixel_interfaces/share/dynamixel_interfaces/cmake/rosidl_cmake_export_typesupport_targets-extras.cmake
[1.047s] -- Up-to-date symlink: /home/hoan/colcon_ws/install/dynamixel_interfaces/share/dynamixel_interfaces/cmake/rosidl_cmake_export_typesupport_libraries-extras.cmake
[1.048s] -- Up-to-date symlink: /home/hoan/colcon_ws/install/dynamixel_interfaces/share/dynamixel_interfaces/cmake/dynamixel_interfacesConfig.cmake
[1.048s] -- Up-to-date symlink: /home/hoan/colcon_ws/install/dynamixel_interfaces/share/dynamixel_interfaces/cmake/dynamixel_interfacesConfig-version.cmake
[1.048s] -- Up-to-date symlink: /home/hoan/colcon_ws/install/dynamixel_interfaces/share/dynamixel_interfaces/package.xml
[1.049s] -- Up-to-date: /home/hoan/colcon_ws/install/dynamixel_interfaces/lib/libdynamixel_interfaces__rosidl_generator_c.so
[1.049s] -- Up-to-date: /home/hoan/colcon_ws/install/dynamixel_interfaces/lib/libdynamixel_interfaces__rosidl_typesupport_fastrtps_c.so
[1.050s] -- Up-to-date: /home/hoan/colcon_ws/install/dynamixel_interfaces/lib/libdynamixel_interfaces__rosidl_typesupport_fastrtps_cpp.so
[1.050s] -- Up-to-date: /home/hoan/colcon_ws/install/dynamixel_interfaces/lib/libdynamixel_interfaces__rosidl_typesupport_introspection_c.so
[1.051s] -- Up-to-date: /home/hoan/colcon_ws/install/dynamixel_interfaces/lib/libdynamixel_interfaces__rosidl_typesupport_c.so
[1.051s] -- Up-to-date: /home/hoan/colcon_ws/install/dynamixel_interfaces/lib/libdynamixel_interfaces__rosidl_typesupport_introspection_cpp.so
[1.051s] -- Up-to-date: /home/hoan/colcon_ws/install/dynamixel_interfaces/lib/libdynamixel_interfaces__rosidl_typesupport_cpp.so
[1.093s] Listing '/home/hoan/colcon_ws/install/dynamixel_interfaces/local/lib/python3.10/dist-packages/dynamixel_interfaces'...
[1.094s] Listing '/home/hoan/colcon_ws/install/dynamixel_interfaces/local/lib/python3.10/dist-packages/dynamixel_interfaces/msg'...
[1.094s] Listing '/home/hoan/colcon_ws/install/dynamixel_interfaces/local/lib/python3.10/dist-packages/dynamixel_interfaces/srv'...
[1.101s] -- Up-to-date: /home/hoan/colcon_ws/install/dynamixel_interfaces/lib/libdynamixel_interfaces__rosidl_generator_py.so
[1.101s] -- Up-to-date: /home/hoan/colcon_ws/install/dynamixel_interfaces/share/dynamixel_interfaces/cmake/export_dynamixel_interfaces__rosidl_generator_cExport.cmake
[1.101s] -- Up-to-date: /home/hoan/colcon_ws/install/dynamixel_interfaces/share/dynamixel_interfaces/cmake/export_dynamixel_interfaces__rosidl_generator_cExport-noconfig.cmake
[1.101s] -- Up-to-date: /home/hoan/colcon_ws/install/dynamixel_interfaces/share/dynamixel_interfaces/cmake/export_dynamixel_interfaces__rosidl_typesupport_fastrtps_cExport.cmake
[1.101s] -- Up-to-date: /home/hoan/colcon_ws/install/dynamixel_interfaces/share/dynamixel_interfaces/cmake/export_dynamixel_interfaces__rosidl_typesupport_fastrtps_cExport-noconfig.cmake
[1.101s] -- Up-to-date: /home/hoan/colcon_ws/install/dynamixel_interfaces/share/dynamixel_interfaces/cmake/export_dynamixel_interfaces__rosidl_generator_cppExport.cmake
[1.101s] -- Up-to-date: /home/hoan/colcon_ws/install/dynamixel_interfaces/share/dynamixel_interfaces/cmake/export_dynamixel_interfaces__rosidl_typesupport_fastrtps_cppExport.cmake
[1.102s] -- Up-to-date: /home/hoan/colcon_ws/install/dynamixel_interfaces/share/dynamixel_interfaces/cmake/export_dynamixel_interfaces__rosidl_typesupport_fastrtps_cppExport-noconfig.cmake
[1.102s] -- Up-to-date: /home/hoan/colcon_ws/install/dynamixel_interfaces/share/dynamixel_interfaces/cmake/dynamixel_interfaces__rosidl_typesupport_introspection_cExport.cmake
[1.102s] -- Up-to-date: /home/hoan/colcon_ws/install/dynamixel_interfaces/share/dynamixel_interfaces/cmake/dynamixel_interfaces__rosidl_typesupport_introspection_cExport-noconfig.cmake
[1.102s] -- Up-to-date: /home/hoan/colcon_ws/install/dynamixel_interfaces/share/dynamixel_interfaces/cmake/dynamixel_interfaces__rosidl_typesupport_cExport.cmake
[1.102s] -- Up-to-date: /home/hoan/colcon_ws/install/dynamixel_interfaces/share/dynamixel_interfaces/cmake/dynamixel_interfaces__rosidl_typesupport_cExport-noconfig.cmake
[1.105s] -- Up-to-date: /home/hoan/colcon_ws/install/dynamixel_interfaces/share/dynamixel_interfaces/cmake/dynamixel_interfaces__rosidl_typesupport_introspection_cppExport.cmake
[1.105s] -- Up-to-date: /home/hoan/colcon_ws/install/dynamixel_interfaces/share/dynamixel_interfaces/cmake/dynamixel_interfaces__rosidl_typesupport_introspection_cppExport-noconfig.cmake
[1.105s] -- Up-to-date: /home/hoan/colcon_ws/install/dynamixel_interfaces/share/dynamixel_interfaces/cmake/dynamixel_interfaces__rosidl_typesupport_cppExport.cmake
[1.106s] -- Up-to-date: /home/hoan/colcon_ws/install/dynamixel_interfaces/share/dynamixel_interfaces/cmake/dynamixel_interfaces__rosidl_typesupport_cppExport-noconfig.cmake
[1.107s] -- Up-to-date: /home/hoan/colcon_ws/install/dynamixel_interfaces/share/dynamixel_interfaces/cmake/export_dynamixel_interfaces__rosidl_generator_pyExport.cmake
[1.107s] -- Up-to-date: /home/hoan/colcon_ws/install/dynamixel_interfaces/share/dynamixel_interfaces/cmake/export_dynamixel_interfaces__rosidl_generator_pyExport-noconfig.cmake
[1.114s] Invoked command in '/home/hoan/colcon_ws/build/dynamixel_interfaces' returned '0': CMAKE_PREFIX_PATH=${CMAKE_PREFIX_PATH}:/home/hoan/ros2_ws/install/camera_onnx_processor:/opt/ros/humble /usr/bin/cmake --install /home/hoan/colcon_ws/build/dynamixel_interfaces
