[0.018s] Invoking command in '/home/hoan/colcon_ws/build/open_manipulator': CMAKE_PREFIX_PATH=/home/hoan/colcon_ws/install/open_manipulator_x_teleop:/home/hoan/colcon_ws/install/open_manipulator_x_moveit_config:/home/hoan/colcon_ws/install/open_manipulator_x_bringup:/home/hoan/colcon_ws/install/open_manipulator_x_playground:/home/hoan/colcon_ws/install/open_manipulator_x_gui:/home/hoan/colcon_ws/install/open_manipulator_x_description:/home/hoan/colcon_ws/install/open_manipulator:/home/hoan/colcon_ws/install/dynamixel_sdk_examples:/home/hoan/colcon_ws/install/dynamixel_sdk_custom_interfaces:/home/hoan/colcon_ws/install/dynamixel_hardware_interface:/home/hoan/colcon_ws/install/dynamixel_sdk:/home/hoan/colcon_ws/install/dynamixel_interfaces:/home/hoan/ros2_ws/install/astra_camera:/home/hoan/ros2_ws/install/astra_camera_msgs:/opt/ros/humble /usr/bin/cmake /home/hoan/colcon_ws/src/open_manipulator/open_manipulator -DAMENT_CMAKE_SYMLINK_INSTALL=1 -DCMAKE_INSTALL_PREFIX=/home/hoan/colcon_ws/install/open_manipulator
[0.076s] -- The C compiler identification is GNU 11.4.0
[0.130s] -- The CXX compiler identification is GNU 11.4.0
[0.138s] -- Detecting C compiler ABI info
[0.205s] -- Detecting C compiler ABI info - done
[0.214s] -- Check for working C compiler: /usr/bin/cc - skipped
[0.214s] -- Detecting C compile features
[0.215s] -- Detecting C compile features - done
[0.219s] -- Detecting CXX compiler ABI info
[0.298s] -- Detecting CXX compiler ABI info - done
[0.308s] -- Check for working CXX compiler: /usr/bin/c++ - skipped
[0.308s] -- Detecting CXX compile features
[0.308s] -- Detecting CXX compile features - done
[0.333s] -- Found ament_cmake: 1.3.12 (/opt/ros/humble/share/ament_cmake/cmake)
[0.509s] -- Found Python3: /usr/bin/python3 (found version "3.10.12") found components: Interpreter 
[0.592s] -- Override CMake install command with custom implementation using symlinks instead of copying resources
[0.699s] -- Configuring done
[0.702s] -- Generating done
[0.704s] -- Build files have been written to: /home/hoan/colcon_ws/build/open_manipulator
[0.709s] Invoked command in '/home/hoan/colcon_ws/build/open_manipulator' returned '0': CMAKE_PREFIX_PATH=/home/hoan/colcon_ws/install/open_manipulator_x_teleop:/home/hoan/colcon_ws/install/open_manipulator_x_moveit_config:/home/hoan/colcon_ws/install/open_manipulator_x_bringup:/home/hoan/colcon_ws/install/open_manipulator_x_playground:/home/hoan/colcon_ws/install/open_manipulator_x_gui:/home/hoan/colcon_ws/install/open_manipulator_x_description:/home/hoan/colcon_ws/install/open_manipulator:/home/hoan/colcon_ws/install/dynamixel_sdk_examples:/home/hoan/colcon_ws/install/dynamixel_sdk_custom_interfaces:/home/hoan/colcon_ws/install/dynamixel_hardware_interface:/home/hoan/colcon_ws/install/dynamixel_sdk:/home/hoan/colcon_ws/install/dynamixel_interfaces:/home/hoan/ros2_ws/install/astra_camera:/home/hoan/ros2_ws/install/astra_camera_msgs:/opt/ros/humble /usr/bin/cmake /home/hoan/colcon_ws/src/open_manipulator/open_manipulator -DAMENT_CMAKE_SYMLINK_INSTALL=1 -DCMAKE_INSTALL_PREFIX=/home/hoan/colcon_ws/install/open_manipulator
[0.710s] Invoking command in '/home/hoan/colcon_ws/build/open_manipulator': CMAKE_PREFIX_PATH=/home/hoan/colcon_ws/install/open_manipulator_x_teleop:/home/hoan/colcon_ws/install/open_manipulator_x_moveit_config:/home/hoan/colcon_ws/install/open_manipulator_x_bringup:/home/hoan/colcon_ws/install/open_manipulator_x_playground:/home/hoan/colcon_ws/install/open_manipulator_x_gui:/home/hoan/colcon_ws/install/open_manipulator_x_description:/home/hoan/colcon_ws/install/open_manipulator:/home/hoan/colcon_ws/install/dynamixel_sdk_examples:/home/hoan/colcon_ws/install/dynamixel_sdk_custom_interfaces:/home/hoan/colcon_ws/install/dynamixel_hardware_interface:/home/hoan/colcon_ws/install/dynamixel_sdk:/home/hoan/colcon_ws/install/dynamixel_interfaces:/home/hoan/ros2_ws/install/astra_camera:/home/hoan/ros2_ws/install/astra_camera_msgs:/opt/ros/humble /usr/bin/cmake --build /home/hoan/colcon_ws/build/open_manipulator -- -j8 -l8
[0.749s] Invoked command in '/home/hoan/colcon_ws/build/open_manipulator' returned '0': CMAKE_PREFIX_PATH=/home/hoan/colcon_ws/install/open_manipulator_x_teleop:/home/hoan/colcon_ws/install/open_manipulator_x_moveit_config:/home/hoan/colcon_ws/install/open_manipulator_x_bringup:/home/hoan/colcon_ws/install/open_manipulator_x_playground:/home/hoan/colcon_ws/install/open_manipulator_x_gui:/home/hoan/colcon_ws/install/open_manipulator_x_description:/home/hoan/colcon_ws/install/open_manipulator:/home/hoan/colcon_ws/install/dynamixel_sdk_examples:/home/hoan/colcon_ws/install/dynamixel_sdk_custom_interfaces:/home/hoan/colcon_ws/install/dynamixel_hardware_interface:/home/hoan/colcon_ws/install/dynamixel_sdk:/home/hoan/colcon_ws/install/dynamixel_interfaces:/home/hoan/ros2_ws/install/astra_camera:/home/hoan/ros2_ws/install/astra_camera_msgs:/opt/ros/humble /usr/bin/cmake --build /home/hoan/colcon_ws/build/open_manipulator -- -j8 -l8
[0.751s] Invoking command in '/home/hoan/colcon_ws/build/open_manipulator': CMAKE_PREFIX_PATH=/home/hoan/colcon_ws/install/open_manipulator_x_teleop:/home/hoan/colcon_ws/install/open_manipulator_x_moveit_config:/home/hoan/colcon_ws/install/open_manipulator_x_bringup:/home/hoan/colcon_ws/install/open_manipulator_x_playground:/home/hoan/colcon_ws/install/open_manipulator_x_gui:/home/hoan/colcon_ws/install/open_manipulator_x_description:/home/hoan/colcon_ws/install/open_manipulator:/home/hoan/colcon_ws/install/dynamixel_sdk_examples:/home/hoan/colcon_ws/install/dynamixel_sdk_custom_interfaces:/home/hoan/colcon_ws/install/dynamixel_hardware_interface:/home/hoan/colcon_ws/install/dynamixel_sdk:/home/hoan/colcon_ws/install/dynamixel_interfaces:/home/hoan/ros2_ws/install/astra_camera:/home/hoan/ros2_ws/install/astra_camera_msgs:/opt/ros/humble /usr/bin/cmake --install /home/hoan/colcon_ws/build/open_manipulator
[0.758s] -- Install configuration: ""
[0.759s] -- Execute custom install script
[0.759s] -- Symlinking: /home/hoan/colcon_ws/install/open_manipulator/share/ament_index/resource_index/package_run_dependencies/open_manipulator
[0.768s] -- Symlinking: /home/hoan/colcon_ws/install/open_manipulator/share/ament_index/resource_index/parent_prefix_path/open_manipulator
[0.779s] -- Symlinking: /home/hoan/colcon_ws/install/open_manipulator/share/open_manipulator/environment/ament_prefix_path.sh
[0.788s] -- Symlinking: /home/hoan/colcon_ws/install/open_manipulator/share/open_manipulator/environment/ament_prefix_path.dsv
[0.797s] -- Symlinking: /home/hoan/colcon_ws/install/open_manipulator/share/open_manipulator/environment/path.sh
[0.806s] -- Symlinking: /home/hoan/colcon_ws/install/open_manipulator/share/open_manipulator/environment/path.dsv
[0.816s] -- Symlinking: /home/hoan/colcon_ws/install/open_manipulator/share/open_manipulator/local_setup.bash
[0.825s] -- Symlinking: /home/hoan/colcon_ws/install/open_manipulator/share/open_manipulator/local_setup.sh
[0.833s] -- Symlinking: /home/hoan/colcon_ws/install/open_manipulator/share/open_manipulator/local_setup.zsh
[0.842s] -- Symlinking: /home/hoan/colcon_ws/install/open_manipulator/share/open_manipulator/local_setup.dsv
[0.851s] -- Symlinking: /home/hoan/colcon_ws/install/open_manipulator/share/open_manipulator/package.dsv
[0.860s] -- Symlinking: /home/hoan/colcon_ws/install/open_manipulator/share/ament_index/resource_index/packages/open_manipulator
[0.869s] -- Symlinking: /home/hoan/colcon_ws/install/open_manipulator/share/open_manipulator/cmake/open_manipulatorConfig.cmake
[0.877s] -- Symlinking: /home/hoan/colcon_ws/install/open_manipulator/share/open_manipulator/cmake/open_manipulatorConfig-version.cmake
[0.886s] -- Symlinking: /home/hoan/colcon_ws/install/open_manipulator/share/open_manipulator/package.xml
[0.897s] Invoked command in '/home/hoan/colcon_ws/build/open_manipulator' returned '0': CMAKE_PREFIX_PATH=/home/hoan/colcon_ws/install/open_manipulator_x_teleop:/home/hoan/colcon_ws/install/open_manipulator_x_moveit_config:/home/hoan/colcon_ws/install/open_manipulator_x_bringup:/home/hoan/colcon_ws/install/open_manipulator_x_playground:/home/hoan/colcon_ws/install/open_manipulator_x_gui:/home/hoan/colcon_ws/install/open_manipulator_x_description:/home/hoan/colcon_ws/install/open_manipulator:/home/hoan/colcon_ws/install/dynamixel_sdk_examples:/home/hoan/colcon_ws/install/dynamixel_sdk_custom_interfaces:/home/hoan/colcon_ws/install/dynamixel_hardware_interface:/home/hoan/colcon_ws/install/dynamixel_sdk:/home/hoan/colcon_ws/install/dynamixel_interfaces:/home/hoan/ros2_ws/install/astra_camera:/home/hoan/ros2_ws/install/astra_camera_msgs:/opt/ros/humble /usr/bin/cmake --install /home/hoan/colcon_ws/build/open_manipulator
