[0.078s] Invoking command in '/home/hoan/colcon_ws/build/open_manipulator_x_playground': CMAKE_PREFIX_PATH=${CMAKE_PREFIX_PATH}:/home/hoan/ros2_ws/install/camera_onnx_processor:/opt/ros/humble /usr/bin/cmake --build /home/hoan/colcon_ws/build/open_manipulator_x_playground -- -j8 -l8
[0.293s] [100%] Built target hello_moveit
[0.377s] Invoked command in '/home/hoan/colcon_ws/build/open_manipulator_x_playground' returned '0': CMAKE_PREFIX_PATH=${CMAKE_PREFIX_PATH}:/home/hoan/ros2_ws/install/camera_onnx_processor:/opt/ros/humble /usr/bin/cmake --build /home/hoan/colcon_ws/build/open_manipulator_x_playground -- -j8 -l8
[0.378s] Invoking command in '/home/hoan/colcon_ws/build/open_manipulator_x_playground': CMAKE_PREFIX_PATH=${CMAKE_PREFIX_PATH}:/home/hoan/ros2_ws/install/camera_onnx_processor:/opt/ros/humble /usr/bin/cmake --install /home/hoan/colcon_ws/build/open_manipulator_x_playground
[0.413s] -- Install configuration: ""
[0.414s] -- Execute custom install script
[0.414s] -- Up-to-date symlink: /home/hoan/colcon_ws/install/open_manipulator_x_playground/lib/open_manipulator_x_playground/hello_moveit
[0.414s] -- Up-to-date symlink: /home/hoan/colcon_ws/install/open_manipulator_x_playground/share/ament_index/resource_index/package_run_dependencies/open_manipulator_x_playground
[0.415s] -- Up-to-date symlink: /home/hoan/colcon_ws/install/open_manipulator_x_playground/share/ament_index/resource_index/parent_prefix_path/open_manipulator_x_playground
[0.425s] -- Up-to-date symlink: /home/hoan/colcon_ws/install/open_manipulator_x_playground/share/open_manipulator_x_playground/environment/ament_prefix_path.sh
[0.425s] -- Up-to-date symlink: /home/hoan/colcon_ws/install/open_manipulator_x_playground/share/open_manipulator_x_playground/environment/ament_prefix_path.dsv
[0.425s] -- Up-to-date symlink: /home/hoan/colcon_ws/install/open_manipulator_x_playground/share/open_manipulator_x_playground/environment/path.sh
[0.425s] -- Up-to-date symlink: /home/hoan/colcon_ws/install/open_manipulator_x_playground/share/open_manipulator_x_playground/environment/path.dsv
[0.426s] -- Up-to-date symlink: /home/hoan/colcon_ws/install/open_manipulator_x_playground/share/open_manipulator_x_playground/local_setup.bash
[0.426s] -- Up-to-date symlink: /home/hoan/colcon_ws/install/open_manipulator_x_playground/share/open_manipulator_x_playground/local_setup.sh
[0.426s] -- Up-to-date symlink: /home/hoan/colcon_ws/install/open_manipulator_x_playground/share/open_manipulator_x_playground/local_setup.zsh
[0.426s] -- Up-to-date symlink: /home/hoan/colcon_ws/install/open_manipulator_x_playground/share/open_manipulator_x_playground/local_setup.dsv
[0.426s] -- Symlinking: /home/hoan/colcon_ws/install/open_manipulator_x_playground/share/open_manipulator_x_playground/package.dsv
[0.448s] -- Up-to-date symlink: /home/hoan/colcon_ws/install/open_manipulator_x_playground/share/ament_index/resource_index/packages/open_manipulator_x_playground
[0.449s] -- Up-to-date symlink: /home/hoan/colcon_ws/install/open_manipulator_x_playground/share/open_manipulator_x_playground/cmake/open_manipulator_x_playgroundConfig.cmake
[0.449s] -- Up-to-date symlink: /home/hoan/colcon_ws/install/open_manipulator_x_playground/share/open_manipulator_x_playground/cmake/open_manipulator_x_playgroundConfig-version.cmake
[0.449s] -- Up-to-date symlink: /home/hoan/colcon_ws/install/open_manipulator_x_playground/share/open_manipulator_x_playground/package.xml
[0.455s] Invoked command in '/home/hoan/colcon_ws/build/open_manipulator_x_playground' returned '0': CMAKE_PREFIX_PATH=${CMAKE_PREFIX_PATH}:/home/hoan/ros2_ws/install/camera_onnx_processor:/opt/ros/humble /usr/bin/cmake --install /home/hoan/colcon_ws/build/open_manipulator_x_playground
