[0.032s] Invoking command in '/home/hoan/colcon_ws/build/open_manipulator_x_moveit_config': CMAKE_PREFIX_PATH=/home/hoan/colcon_ws/install/open_manipulator_x_description:/home/hoan/colcon_ws/install/open_manipulator:/home/hoan/colcon_ws/install/open_manipulator_x_teleop:/home/hoan/colcon_ws/install/open_manipulator_x_playground:/home/hoan/colcon_ws/install/open_manipulator_x_moveit_config:/home/hoan/colcon_ws/install/open_manipulator_x_gui:/home/hoan/colcon_ws/install/open_manipulator_x_bringup:/home/hoan/colcon_ws/install/dynamixel_sdk_examples:/home/hoan/colcon_ws/install/dynamixel_sdk_custom_interfaces:/home/hoan/colcon_ws/install/dynamixel_hardware_interface:/home/hoan/colcon_ws/install/dynamixel_sdk:/home/hoan/colcon_ws/install/dynamixel_interfaces:/home/hoan/ros2_ws/install/astra_camera:/home/hoan/ros2_ws/install/astra_camera_msgs:/opt/ros/humble /usr/bin/cmake /home/hoan/colcon_ws/src/open_manipulator/open_manipulator_x_moveit_config -DAMENT_CMAKE_SYMLINK_INSTALL=1 -DCMAKE_INSTALL_PREFIX=/home/hoan/colcon_ws/install/open_manipulator_x_moveit_config
[1.844s] -- The C compiler identification is GNU 11.4.0
[1.844s] -- The CXX compiler identification is GNU 11.4.0
[1.844s] -- Detecting C compiler ABI info
[1.845s] -- Detecting C compiler ABI info - done
[1.845s] -- Check for working C compiler: /usr/bin/cc - skipped
[1.845s] -- Detecting C compile features
[1.845s] -- Detecting C compile features - done
[1.845s] -- Detecting CXX compiler ABI info
[1.845s] -- Detecting CXX compiler ABI info - done
[1.845s] -- Check for working CXX compiler: /usr/bin/c++ - skipped
[1.845s] -- Detecting CXX compile features
[1.845s] -- Detecting CXX compile features - done
[1.846s] -- Found ament_cmake: 1.3.12 (/opt/ros/humble/share/ament_cmake/cmake)
[1.846s] -- Found Python3: /usr/bin/python3 (found version "3.10.12") found components: Interpreter 
[1.898s] -- Override CMake install command with custom implementation using symlinks instead of copying resources
[2.152s] -- Configuring done
[2.168s] -- Generating done
[2.168s] -- Build files have been written to: /home/hoan/colcon_ws/build/open_manipulator_x_moveit_config
[2.182s] Invoked command in '/home/hoan/colcon_ws/build/open_manipulator_x_moveit_config' returned '0': CMAKE_PREFIX_PATH=/home/hoan/colcon_ws/install/open_manipulator_x_description:/home/hoan/colcon_ws/install/open_manipulator:/home/hoan/colcon_ws/install/open_manipulator_x_teleop:/home/hoan/colcon_ws/install/open_manipulator_x_playground:/home/hoan/colcon_ws/install/open_manipulator_x_moveit_config:/home/hoan/colcon_ws/install/open_manipulator_x_gui:/home/hoan/colcon_ws/install/open_manipulator_x_bringup:/home/hoan/colcon_ws/install/dynamixel_sdk_examples:/home/hoan/colcon_ws/install/dynamixel_sdk_custom_interfaces:/home/hoan/colcon_ws/install/dynamixel_hardware_interface:/home/hoan/colcon_ws/install/dynamixel_sdk:/home/hoan/colcon_ws/install/dynamixel_interfaces:/home/hoan/ros2_ws/install/astra_camera:/home/hoan/ros2_ws/install/astra_camera_msgs:/opt/ros/humble /usr/bin/cmake /home/hoan/colcon_ws/src/open_manipulator/open_manipulator_x_moveit_config -DAMENT_CMAKE_SYMLINK_INSTALL=1 -DCMAKE_INSTALL_PREFIX=/home/hoan/colcon_ws/install/open_manipulator_x_moveit_config
[2.183s] Invoking command in '/home/hoan/colcon_ws/build/open_manipulator_x_moveit_config': CMAKE_PREFIX_PATH=/home/hoan/colcon_ws/install/open_manipulator_x_description:/home/hoan/colcon_ws/install/open_manipulator:/home/hoan/colcon_ws/install/open_manipulator_x_teleop:/home/hoan/colcon_ws/install/open_manipulator_x_playground:/home/hoan/colcon_ws/install/open_manipulator_x_moveit_config:/home/hoan/colcon_ws/install/open_manipulator_x_gui:/home/hoan/colcon_ws/install/open_manipulator_x_bringup:/home/hoan/colcon_ws/install/dynamixel_sdk_examples:/home/hoan/colcon_ws/install/dynamixel_sdk_custom_interfaces:/home/hoan/colcon_ws/install/dynamixel_hardware_interface:/home/hoan/colcon_ws/install/dynamixel_sdk:/home/hoan/colcon_ws/install/dynamixel_interfaces:/home/hoan/ros2_ws/install/astra_camera:/home/hoan/ros2_ws/install/astra_camera_msgs:/opt/ros/humble /usr/bin/cmake --build /home/hoan/colcon_ws/build/open_manipulator_x_moveit_config -- -j8 -l8
[2.713s] Invoked command in '/home/hoan/colcon_ws/build/open_manipulator_x_moveit_config' returned '0': CMAKE_PREFIX_PATH=/home/hoan/colcon_ws/install/open_manipulator_x_description:/home/hoan/colcon_ws/install/open_manipulator:/home/hoan/colcon_ws/install/open_manipulator_x_teleop:/home/hoan/colcon_ws/install/open_manipulator_x_playground:/home/hoan/colcon_ws/install/open_manipulator_x_moveit_config:/home/hoan/colcon_ws/install/open_manipulator_x_gui:/home/hoan/colcon_ws/install/open_manipulator_x_bringup:/home/hoan/colcon_ws/install/dynamixel_sdk_examples:/home/hoan/colcon_ws/install/dynamixel_sdk_custom_interfaces:/home/hoan/colcon_ws/install/dynamixel_hardware_interface:/home/hoan/colcon_ws/install/dynamixel_sdk:/home/hoan/colcon_ws/install/dynamixel_interfaces:/home/hoan/ros2_ws/install/astra_camera:/home/hoan/ros2_ws/install/astra_camera_msgs:/opt/ros/humble /usr/bin/cmake --build /home/hoan/colcon_ws/build/open_manipulator_x_moveit_config -- -j8 -l8
[2.714s] Invoking command in '/home/hoan/colcon_ws/build/open_manipulator_x_moveit_config': CMAKE_PREFIX_PATH=/home/hoan/colcon_ws/install/open_manipulator_x_description:/home/hoan/colcon_ws/install/open_manipulator:/home/hoan/colcon_ws/install/open_manipulator_x_teleop:/home/hoan/colcon_ws/install/open_manipulator_x_playground:/home/hoan/colcon_ws/install/open_manipulator_x_moveit_config:/home/hoan/colcon_ws/install/open_manipulator_x_gui:/home/hoan/colcon_ws/install/open_manipulator_x_bringup:/home/hoan/colcon_ws/install/dynamixel_sdk_examples:/home/hoan/colcon_ws/install/dynamixel_sdk_custom_interfaces:/home/hoan/colcon_ws/install/dynamixel_hardware_interface:/home/hoan/colcon_ws/install/dynamixel_sdk:/home/hoan/colcon_ws/install/dynamixel_interfaces:/home/hoan/ros2_ws/install/astra_camera:/home/hoan/ros2_ws/install/astra_camera_msgs:/opt/ros/humble /usr/bin/cmake --install /home/hoan/colcon_ws/build/open_manipulator_x_moveit_config
[2.829s] -- Install configuration: ""
[2.829s] -- Execute custom install script
[2.829s] -- Symlinking: /home/hoan/colcon_ws/install/open_manipulator_x_moveit_config/share/open_manipulator_x_moveit_config/launch/demo.launch.py
[2.829s] -- Symlinking: /home/hoan/colcon_ws/install/open_manipulator_x_moveit_config/share/open_manipulator_x_moveit_config/launch/move_group.launch.py
[2.829s] -- Symlinking: /home/hoan/colcon_ws/install/open_manipulator_x_moveit_config/share/open_manipulator_x_moveit_config/launch/moveit_core.launch.py
[2.829s] -- Symlinking: /home/hoan/colcon_ws/install/open_manipulator_x_moveit_config/share/open_manipulator_x_moveit_config/launch/moveit_gazebo.launch.py
[2.830s] -- Symlinking: /home/hoan/colcon_ws/install/open_manipulator_x_moveit_config/share/open_manipulator_x_moveit_config/launch/moveit_rviz.launch.py
[2.844s] -- Symlinking: /home/hoan/colcon_ws/install/open_manipulator_x_moveit_config/share/open_manipulator_x_moveit_config/launch/rsp.launch.py
[2.866s] -- Symlinking: /home/hoan/colcon_ws/install/open_manipulator_x_moveit_config/share/open_manipulator_x_moveit_config/launch/servo.launch.py
[2.894s] -- Symlinking: /home/hoan/colcon_ws/install/open_manipulator_x_moveit_config/share/open_manipulator_x_moveit_config/launch/setup_assistant.launch.py
[2.921s] -- Symlinking: /home/hoan/colcon_ws/install/open_manipulator_x_moveit_config/share/open_manipulator_x_moveit_config/launch/spawn_controllers.launch.py
[2.947s] -- Symlinking: /home/hoan/colcon_ws/install/open_manipulator_x_moveit_config/share/open_manipulator_x_moveit_config/launch/static_virtual_joint_tfs.launch.py
[2.976s] -- Symlinking: /home/hoan/colcon_ws/install/open_manipulator_x_moveit_config/share/open_manipulator_x_moveit_config/config/initial_positions.yaml
[2.991s] -- Symlinking: /home/hoan/colcon_ws/install/open_manipulator_x_moveit_config/share/open_manipulator_x_moveit_config/config/joint_limits.yaml
[3.022s] -- Symlinking: /home/hoan/colcon_ws/install/open_manipulator_x_moveit_config/share/open_manipulator_x_moveit_config/config/kinematics.yaml
[3.040s] -- Symlinking: /home/hoan/colcon_ws/install/open_manipulator_x_moveit_config/share/open_manipulator_x_moveit_config/config/moveit.rviz
[3.061s] -- Symlinking: /home/hoan/colcon_ws/install/open_manipulator_x_moveit_config/share/open_manipulator_x_moveit_config/config/moveit_controllers.yaml
[3.081s] -- Symlinking: /home/hoan/colcon_ws/install/open_manipulator_x_moveit_config/share/open_manipulator_x_moveit_config/config/moveit_servo.yaml
[3.110s] -- Symlinking: /home/hoan/colcon_ws/install/open_manipulator_x_moveit_config/share/open_manipulator_x_moveit_config/config/moveit_teleop.rviz
[3.141s] -- Symlinking: /home/hoan/colcon_ws/install/open_manipulator_x_moveit_config/share/open_manipulator_x_moveit_config/config/ompl_planning.yaml
[3.171s] -- Symlinking: /home/hoan/colcon_ws/install/open_manipulator_x_moveit_config/share/open_manipulator_x_moveit_config/config/open_manipulator_x.ros2_control.xacro
[3.213s] -- Symlinking: /home/hoan/colcon_ws/install/open_manipulator_x_moveit_config/share/open_manipulator_x_moveit_config/config/open_manipulator_x.srdf
[3.245s] -- Symlinking: /home/hoan/colcon_ws/install/open_manipulator_x_moveit_config/share/open_manipulator_x_moveit_config/config/open_manipulator_x.urdf.xacro
[3.288s] -- Symlinking: /home/hoan/colcon_ws/install/open_manipulator_x_moveit_config/share/open_manipulator_x_moveit_config/config/pilz_cartesian_limits.yaml
[3.324s] -- Symlinking: /home/hoan/colcon_ws/install/open_manipulator_x_moveit_config/share/open_manipulator_x_moveit_config/.setup_assistant
[3.362s] -- Symlinking: /home/hoan/colcon_ws/install/open_manipulator_x_moveit_config/share/ament_index/resource_index/package_run_dependencies/open_manipulator_x_moveit_config
[3.401s] -- Symlinking: /home/hoan/colcon_ws/install/open_manipulator_x_moveit_config/share/ament_index/resource_index/parent_prefix_path/open_manipulator_x_moveit_config
[3.450s] -- Symlinking: /home/hoan/colcon_ws/install/open_manipulator_x_moveit_config/share/open_manipulator_x_moveit_config/environment/ament_prefix_path.sh
[3.490s] -- Symlinking: /home/hoan/colcon_ws/install/open_manipulator_x_moveit_config/share/open_manipulator_x_moveit_config/environment/ament_prefix_path.dsv
[3.516s] -- Symlinking: /home/hoan/colcon_ws/install/open_manipulator_x_moveit_config/share/open_manipulator_x_moveit_config/environment/path.sh
[3.558s] -- Symlinking: /home/hoan/colcon_ws/install/open_manipulator_x_moveit_config/share/open_manipulator_x_moveit_config/environment/path.dsv
[3.600s] -- Symlinking: /home/hoan/colcon_ws/install/open_manipulator_x_moveit_config/share/open_manipulator_x_moveit_config/local_setup.bash
[3.642s] -- Symlinking: /home/hoan/colcon_ws/install/open_manipulator_x_moveit_config/share/open_manipulator_x_moveit_config/local_setup.sh
[3.670s] -- Symlinking: /home/hoan/colcon_ws/install/open_manipulator_x_moveit_config/share/open_manipulator_x_moveit_config/local_setup.zsh
[3.705s] -- Symlinking: /home/hoan/colcon_ws/install/open_manipulator_x_moveit_config/share/open_manipulator_x_moveit_config/local_setup.dsv
[3.729s] -- Symlinking: /home/hoan/colcon_ws/install/open_manipulator_x_moveit_config/share/open_manipulator_x_moveit_config/package.dsv
[3.760s] -- Symlinking: /home/hoan/colcon_ws/install/open_manipulator_x_moveit_config/share/ament_index/resource_index/packages/open_manipulator_x_moveit_config
[3.791s] -- Symlinking: /home/hoan/colcon_ws/install/open_manipulator_x_moveit_config/share/open_manipulator_x_moveit_config/cmake/open_manipulator_x_moveit_configConfig.cmake
[3.820s] -- Symlinking: /home/hoan/colcon_ws/install/open_manipulator_x_moveit_config/share/open_manipulator_x_moveit_config/cmake/open_manipulator_x_moveit_configConfig-version.cmake
[3.850s] -- Symlinking: /home/hoan/colcon_ws/install/open_manipulator_x_moveit_config/share/open_manipulator_x_moveit_config/package.xml
[3.890s] Invoked command in '/home/hoan/colcon_ws/build/open_manipulator_x_moveit_config' returned '0': CMAKE_PREFIX_PATH=/home/hoan/colcon_ws/install/open_manipulator_x_description:/home/hoan/colcon_ws/install/open_manipulator:/home/hoan/colcon_ws/install/open_manipulator_x_teleop:/home/hoan/colcon_ws/install/open_manipulator_x_playground:/home/hoan/colcon_ws/install/open_manipulator_x_moveit_config:/home/hoan/colcon_ws/install/open_manipulator_x_gui:/home/hoan/colcon_ws/install/open_manipulator_x_bringup:/home/hoan/colcon_ws/install/dynamixel_sdk_examples:/home/hoan/colcon_ws/install/dynamixel_sdk_custom_interfaces:/home/hoan/colcon_ws/install/dynamixel_hardware_interface:/home/hoan/colcon_ws/install/dynamixel_sdk:/home/hoan/colcon_ws/install/dynamixel_interfaces:/home/hoan/ros2_ws/install/astra_camera:/home/hoan/ros2_ws/install/astra_camera_msgs:/opt/ros/humble /usr/bin/cmake --install /home/hoan/colcon_ws/build/open_manipulator_x_moveit_config
