[0.038s] Invoking command in '/home/hoan/colcon_ws/build/open_manipulator': CMAKE_PREFIX_PATH=/home/hoan/colcon_ws/install/open_manipulator_x_teleop:/home/hoan/colcon_ws/install/open_manipulator_x_moveit_config:/home/hoan/colcon_ws/install/open_manipulator_x_bringup:/home/hoan/colcon_ws/install/open_manipulator_x_playground:/home/hoan/colcon_ws/install/open_manipulator_x_gui:/home/hoan/colcon_ws/install/open_manipulator_x_description:/home/hoan/ros2_ws/install/astra_camera:/home/hoan/ros2_ws/install/astra_camera_msgs:/home/hoan/colcon_ws/install/open_manipulator:/home/hoan/colcon_ws/install/dynamixel_sdk_examples:/home/hoan/colcon_ws/install/dynamixel_sdk_custom_interfaces:/home/hoan/colcon_ws/install/dynamixel_hardware_interface:/home/hoan/colcon_ws/install/dynamixel_sdk:/home/hoan/colcon_ws/install/dynamixel_interfaces:/home/hoan/ros2_ws/install/camera_onnx_processor:/opt/ros/humble /usr/bin/cmake --build /home/hoan/colcon_ws/build/open_manipulator -- -j8 -l8
[0.098s] Invoked command in '/home/hoan/colcon_ws/build/open_manipulator' returned '0': CMAKE_PREFIX_PATH=/home/hoan/colcon_ws/install/open_manipulator_x_teleop:/home/hoan/colcon_ws/install/open_manipulator_x_moveit_config:/home/hoan/colcon_ws/install/open_manipulator_x_bringup:/home/hoan/colcon_ws/install/open_manipulator_x_playground:/home/hoan/colcon_ws/install/open_manipulator_x_gui:/home/hoan/colcon_ws/install/open_manipulator_x_description:/home/hoan/ros2_ws/install/astra_camera:/home/hoan/ros2_ws/install/astra_camera_msgs:/home/hoan/colcon_ws/install/open_manipulator:/home/hoan/colcon_ws/install/dynamixel_sdk_examples:/home/hoan/colcon_ws/install/dynamixel_sdk_custom_interfaces:/home/hoan/colcon_ws/install/dynamixel_hardware_interface:/home/hoan/colcon_ws/install/dynamixel_sdk:/home/hoan/colcon_ws/install/dynamixel_interfaces:/home/hoan/ros2_ws/install/camera_onnx_processor:/opt/ros/humble /usr/bin/cmake --build /home/hoan/colcon_ws/build/open_manipulator -- -j8 -l8
[0.104s] Invoking command in '/home/hoan/colcon_ws/build/open_manipulator': CMAKE_PREFIX_PATH=/home/hoan/colcon_ws/install/open_manipulator_x_teleop:/home/hoan/colcon_ws/install/open_manipulator_x_moveit_config:/home/hoan/colcon_ws/install/open_manipulator_x_bringup:/home/hoan/colcon_ws/install/open_manipulator_x_playground:/home/hoan/colcon_ws/install/open_manipulator_x_gui:/home/hoan/colcon_ws/install/open_manipulator_x_description:/home/hoan/ros2_ws/install/astra_camera:/home/hoan/ros2_ws/install/astra_camera_msgs:/home/hoan/colcon_ws/install/open_manipulator:/home/hoan/colcon_ws/install/dynamixel_sdk_examples:/home/hoan/colcon_ws/install/dynamixel_sdk_custom_interfaces:/home/hoan/colcon_ws/install/dynamixel_hardware_interface:/home/hoan/colcon_ws/install/dynamixel_sdk:/home/hoan/colcon_ws/install/dynamixel_interfaces:/home/hoan/ros2_ws/install/camera_onnx_processor:/opt/ros/humble /usr/bin/cmake --install /home/hoan/colcon_ws/build/open_manipulator
[0.112s] -- Install configuration: ""
[0.113s] -- Execute custom install script
[0.113s] -- Up-to-date symlink: /home/hoan/colcon_ws/install/open_manipulator/share/ament_index/resource_index/package_run_dependencies/open_manipulator
[0.113s] -- Up-to-date symlink: /home/hoan/colcon_ws/install/open_manipulator/share/ament_index/resource_index/parent_prefix_path/open_manipulator
[0.113s] -- Up-to-date symlink: /home/hoan/colcon_ws/install/open_manipulator/share/open_manipulator/environment/ament_prefix_path.sh
[0.114s] -- Up-to-date symlink: /home/hoan/colcon_ws/install/open_manipulator/share/open_manipulator/environment/ament_prefix_path.dsv
[0.114s] -- Up-to-date symlink: /home/hoan/colcon_ws/install/open_manipulator/share/open_manipulator/environment/path.sh
[0.114s] -- Up-to-date symlink: /home/hoan/colcon_ws/install/open_manipulator/share/open_manipulator/environment/path.dsv
[0.114s] -- Up-to-date symlink: /home/hoan/colcon_ws/install/open_manipulator/share/open_manipulator/local_setup.bash
[0.114s] -- Up-to-date symlink: /home/hoan/colcon_ws/install/open_manipulator/share/open_manipulator/local_setup.sh
[0.115s] -- Up-to-date symlink: /home/hoan/colcon_ws/install/open_manipulator/share/open_manipulator/local_setup.zsh
[0.115s] -- Up-to-date symlink: /home/hoan/colcon_ws/install/open_manipulator/share/open_manipulator/local_setup.dsv
[0.115s] -- Symlinking: /home/hoan/colcon_ws/install/open_manipulator/share/open_manipulator/package.dsv
[0.132s] -- Up-to-date symlink: /home/hoan/colcon_ws/install/open_manipulator/share/ament_index/resource_index/packages/open_manipulator
[0.132s] -- Up-to-date symlink: /home/hoan/colcon_ws/install/open_manipulator/share/open_manipulator/cmake/open_manipulatorConfig.cmake
[0.132s] -- Up-to-date symlink: /home/hoan/colcon_ws/install/open_manipulator/share/open_manipulator/cmake/open_manipulatorConfig-version.cmake
[0.135s] -- Up-to-date symlink: /home/hoan/colcon_ws/install/open_manipulator/share/open_manipulator/package.xml
[0.136s] Invoked command in '/home/hoan/colcon_ws/build/open_manipulator' returned '0': CMAKE_PREFIX_PATH=/home/hoan/colcon_ws/install/open_manipulator_x_teleop:/home/hoan/colcon_ws/install/open_manipulator_x_moveit_config:/home/hoan/colcon_ws/install/open_manipulator_x_bringup:/home/hoan/colcon_ws/install/open_manipulator_x_playground:/home/hoan/colcon_ws/install/open_manipulator_x_gui:/home/hoan/colcon_ws/install/open_manipulator_x_description:/home/hoan/ros2_ws/install/astra_camera:/home/hoan/ros2_ws/install/astra_camera_msgs:/home/hoan/colcon_ws/install/open_manipulator:/home/hoan/colcon_ws/install/dynamixel_sdk_examples:/home/hoan/colcon_ws/install/dynamixel_sdk_custom_interfaces:/home/hoan/colcon_ws/install/dynamixel_hardware_interface:/home/hoan/colcon_ws/install/dynamixel_sdk:/home/hoan/colcon_ws/install/dynamixel_interfaces:/home/hoan/ros2_ws/install/camera_onnx_processor:/opt/ros/humble /usr/bin/cmake --install /home/hoan/colcon_ws/build/open_manipulator
