[0.028s] Invoking command in '/home/hoan/colcon_ws/build/open_manipulator_x_description': CMAKE_PREFIX_PATH=${CMAKE_PREFIX_PATH}:/opt/ros/humble /usr/bin/cmake /home/hoan/colcon_ws/src/open_manipulator/open_manipulator_x_description -DAMENT_CMAKE_SYMLINK_INSTALL=1 -DCMAKE_INSTALL_PREFIX=/home/hoan/colcon_ws/install/open_manipulator_x_description
[0.117s] -- The C compiler identification is GNU 11.4.0
[0.184s] -- The CXX compiler identification is GNU 11.4.0
[0.196s] -- Detecting C compiler ABI info
[0.297s] -- Detecting C compiler ABI info - done
[0.307s] -- Check for working C compiler: /usr/bin/cc - skipped
[0.308s] -- Detecting C compile features
[0.310s] -- Detecting C compile features - done
[0.315s] -- Detecting CXX compiler ABI info
[0.431s] -- Detecting CXX compiler ABI info - done
[0.441s] -- Check for working CXX compiler: /usr/bin/c++ - skipped
[0.441s] -- Detecting CXX compile features
[0.442s] -- Detecting CXX compile features - done
[0.445s] -- Found ament_cmake: 1.3.12 (/opt/ros/humble/share/ament_cmake/cmake)
[0.662s] -- Found Python3: /usr/bin/python3 (found version "3.10.12") found components: Interpreter 
[0.753s] -- Override CMake install command with custom implementation using symlinks instead of copying resources
[0.868s] -- Configuring done
[0.872s] -- Generating done
[0.874s] -- Build files have been written to: /home/hoan/colcon_ws/build/open_manipulator_x_description
[0.879s] Invoked command in '/home/hoan/colcon_ws/build/open_manipulator_x_description' returned '0': CMAKE_PREFIX_PATH=${CMAKE_PREFIX_PATH}:/opt/ros/humble /usr/bin/cmake /home/hoan/colcon_ws/src/open_manipulator/open_manipulator_x_description -DAMENT_CMAKE_SYMLINK_INSTALL=1 -DCMAKE_INSTALL_PREFIX=/home/hoan/colcon_ws/install/open_manipulator_x_description
[0.882s] Invoking command in '/home/hoan/colcon_ws/build/open_manipulator_x_description': CMAKE_PREFIX_PATH=${CMAKE_PREFIX_PATH}:/opt/ros/humble /usr/bin/cmake --build /home/hoan/colcon_ws/build/open_manipulator_x_description -- -j8 -l8
[0.935s] Invoked command in '/home/hoan/colcon_ws/build/open_manipulator_x_description' returned '0': CMAKE_PREFIX_PATH=${CMAKE_PREFIX_PATH}:/opt/ros/humble /usr/bin/cmake --build /home/hoan/colcon_ws/build/open_manipulator_x_description -- -j8 -l8
[0.949s] Invoking command in '/home/hoan/colcon_ws/build/open_manipulator_x_description': CMAKE_PREFIX_PATH=${CMAKE_PREFIX_PATH}:/opt/ros/humble /usr/bin/cmake --install /home/hoan/colcon_ws/build/open_manipulator_x_description
[0.960s] -- Install configuration: ""
[0.960s] -- Execute custom install script
[0.961s] -- Symlinking: /home/hoan/colcon_ws/install/open_manipulator_x_description/share/open_manipulator_x_description/launch/model.launch.py
[0.974s] -- Symlinking: /home/hoan/colcon_ws/install/open_manipulator_x_description/share/open_manipulator_x_description/meshes/Plate.stl
[0.988s] -- Symlinking: /home/hoan/colcon_ws/install/open_manipulator_x_description/share/open_manipulator_x_description/meshes/gripper_left_palm.stl
[1.001s] -- Symlinking: /home/hoan/colcon_ws/install/open_manipulator_x_description/share/open_manipulator_x_description/meshes/gripper_right_palm.stl
[1.013s] -- Symlinking: /home/hoan/colcon_ws/install/open_manipulator_x_description/share/open_manipulator_x_description/meshes/link1.stl
[1.025s] -- Symlinking: /home/hoan/colcon_ws/install/open_manipulator_x_description/share/open_manipulator_x_description/meshes/link2.stl
[1.042s] -- Symlinking: /home/hoan/colcon_ws/install/open_manipulator_x_description/share/open_manipulator_x_description/meshes/link3.stl
[1.055s] -- Symlinking: /home/hoan/colcon_ws/install/open_manipulator_x_description/share/open_manipulator_x_description/meshes/link4.stl
[1.068s] -- Symlinking: /home/hoan/colcon_ws/install/open_manipulator_x_description/share/open_manipulator_x_description/meshes/link5.stl
[1.082s] -- Symlinking: /home/hoan/colcon_ws/install/open_manipulator_x_description/share/open_manipulator_x_description/rviz/open_manipulator_x.rviz
[1.095s] -- Symlinking: /home/hoan/colcon_ws/install/open_manipulator_x_description/share/open_manipulator_x_description/urdf/materials.xacro
[1.110s] -- Symlinking: /home/hoan/colcon_ws/install/open_manipulator_x_description/share/open_manipulator_x_description/urdf/open_manipulator_x.urdf.xacro
[1.124s] -- Symlinking: /home/hoan/colcon_ws/install/open_manipulator_x_description/share/open_manipulator_x_description/urdf/open_manipulator_x_robot.urdf.xacro
[1.138s] -- Symlinking: /home/hoan/colcon_ws/install/open_manipulator_x_description/share/open_manipulator_x_description/gazebo/materials.xacro
[1.152s] -- Symlinking: /home/hoan/colcon_ws/install/open_manipulator_x_description/share/open_manipulator_x_description/gazebo/open_manipulator_x.gazebo.xacro
[1.166s] -- Symlinking: /home/hoan/colcon_ws/install/open_manipulator_x_description/share/open_manipulator_x_description/ros2_control/open_manipulator_x_system.ros2_control.xacro
[1.180s] -- Symlinking: /home/hoan/colcon_ws/install/open_manipulator_x_description/share/ament_index/resource_index/package_run_dependencies/open_manipulator_x_description
[1.190s] -- Symlinking: /home/hoan/colcon_ws/install/open_manipulator_x_description/share/ament_index/resource_index/parent_prefix_path/open_manipulator_x_description
[1.199s] -- Symlinking: /home/hoan/colcon_ws/install/open_manipulator_x_description/share/open_manipulator_x_description/environment/ament_prefix_path.sh
[1.209s] -- Symlinking: /home/hoan/colcon_ws/install/open_manipulator_x_description/share/open_manipulator_x_description/environment/ament_prefix_path.dsv
[1.219s] -- Symlinking: /home/hoan/colcon_ws/install/open_manipulator_x_description/share/open_manipulator_x_description/environment/path.sh
[1.232s] -- Symlinking: /home/hoan/colcon_ws/install/open_manipulator_x_description/share/open_manipulator_x_description/environment/path.dsv
[1.241s] -- Symlinking: /home/hoan/colcon_ws/install/open_manipulator_x_description/share/open_manipulator_x_description/local_setup.bash
[1.251s] -- Symlinking: /home/hoan/colcon_ws/install/open_manipulator_x_description/share/open_manipulator_x_description/local_setup.sh
[1.264s] -- Symlinking: /home/hoan/colcon_ws/install/open_manipulator_x_description/share/open_manipulator_x_description/local_setup.zsh
[1.282s] -- Symlinking: /home/hoan/colcon_ws/install/open_manipulator_x_description/share/open_manipulator_x_description/local_setup.dsv
[1.311s] -- Symlinking: /home/hoan/colcon_ws/install/open_manipulator_x_description/share/open_manipulator_x_description/package.dsv
[1.334s] -- Symlinking: /home/hoan/colcon_ws/install/open_manipulator_x_description/share/ament_index/resource_index/packages/open_manipulator_x_description
[1.354s] -- Symlinking: /home/hoan/colcon_ws/install/open_manipulator_x_description/share/open_manipulator_x_description/cmake/open_manipulator_x_descriptionConfig.cmake
[1.379s] -- Symlinking: /home/hoan/colcon_ws/install/open_manipulator_x_description/share/open_manipulator_x_description/cmake/open_manipulator_x_descriptionConfig-version.cmake
[1.409s] -- Symlinking: /home/hoan/colcon_ws/install/open_manipulator_x_description/share/open_manipulator_x_description/package.xml
[1.452s] Invoked command in '/home/hoan/colcon_ws/build/open_manipulator_x_description' returned '0': CMAKE_PREFIX_PATH=${CMAKE_PREFIX_PATH}:/opt/ros/humble /usr/bin/cmake --install /home/hoan/colcon_ws/build/open_manipulator_x_description
