[0.062s] Invoking command in '/home/hoan/colcon_ws/build/open_manipulator_x_gui': CMAKE_PREFIX_PATH=${CMAKE_PREFIX_PATH}:/home/hoan/ros2_ws/install/camera_onnx_processor:/opt/ros/humble /usr/bin/cmake --build /home/hoan/colcon_ws/build/open_manipulator_x_gui -- -j8 -l8
[0.220s] [ 15%] Built target copy_ui_header
[0.315s] [ 23%] [34m[1mAutomatic MOC and UIC for target open_manipulator_x_gui_node[0m
[0.388s] [ 23%] Built target open_manipulator_x_gui_node_autogen
[0.546s] [100%] Built target open_manipulator_x_gui_node
[0.602s] Invoked command in '/home/hoan/colcon_ws/build/open_manipulator_x_gui' returned '0': CMAKE_PREFIX_PATH=${CMAKE_PREFIX_PATH}:/home/hoan/ros2_ws/install/camera_onnx_processor:/opt/ros/humble /usr/bin/cmake --build /home/hoan/colcon_ws/build/open_manipulator_x_gui -- -j8 -l8
[0.605s] Invoking command in '/home/hoan/colcon_ws/build/open_manipulator_x_gui': CMAKE_PREFIX_PATH=${CMAKE_PREFIX_PATH}:/home/hoan/ros2_ws/install/camera_onnx_processor:/opt/ros/humble /usr/bin/cmake --install /home/hoan/colcon_ws/build/open_manipulator_x_gui
[0.636s] -- Install configuration: ""
[0.637s] -- Execute custom install script
[0.638s] -- Up-to-date symlink: /home/hoan/colcon_ws/install/open_manipulator_x_gui/lib/open_manipulator_x_gui/open_manipulator_x_gui_node
[0.638s] -- Up-to-date symlink: /home/hoan/colcon_ws/install/open_manipulator_x_gui/include/open_manipulator_x_gui/main_window.hpp
[0.647s] -- Up-to-date symlink: /home/hoan/colcon_ws/install/open_manipulator_x_gui/include/open_manipulator_x_gui/qnode.hpp
[0.649s] -- Up-to-date symlink: /home/hoan/colcon_ws/install/open_manipulator_x_gui/share/open_manipulator_x_gui/launch/open_manipulator_x_gui.launch.py
[0.649s] -- Up-to-date symlink: /home/hoan/colcon_ws/install/open_manipulator_x_gui/share/open_manipulator_x_gui/ui/main_window.ui
[0.651s] -- Up-to-date symlink: /home/hoan/colcon_ws/install/open_manipulator_x_gui/share/open_manipulator_x_gui/config/robot_joint_log.csv
[0.652s] -- Up-to-date symlink: /home/hoan/colcon_ws/install/open_manipulator_x_gui/share/open_manipulator_x_gui/environment/library_path.sh
[0.660s] -- Up-to-date symlink: /home/hoan/colcon_ws/install/open_manipulator_x_gui/share/open_manipulator_x_gui/environment/library_path.dsv
[0.661s] -- Up-to-date symlink: /home/hoan/colcon_ws/install/open_manipulator_x_gui/share/ament_index/resource_index/package_run_dependencies/open_manipulator_x_gui
[0.661s] -- Up-to-date symlink: /home/hoan/colcon_ws/install/open_manipulator_x_gui/share/ament_index/resource_index/parent_prefix_path/open_manipulator_x_gui
[0.663s] -- Up-to-date symlink: /home/hoan/colcon_ws/install/open_manipulator_x_gui/share/open_manipulator_x_gui/environment/ament_prefix_path.sh
[0.663s] -- Up-to-date symlink: /home/hoan/colcon_ws/install/open_manipulator_x_gui/share/open_manipulator_x_gui/environment/ament_prefix_path.dsv
[0.663s] -- Up-to-date symlink: /home/hoan/colcon_ws/install/open_manipulator_x_gui/share/open_manipulator_x_gui/environment/path.sh
[0.664s] -- Up-to-date symlink: /home/hoan/colcon_ws/install/open_manipulator_x_gui/share/open_manipulator_x_gui/environment/path.dsv
[0.664s] -- Up-to-date symlink: /home/hoan/colcon_ws/install/open_manipulator_x_gui/share/open_manipulator_x_gui/local_setup.bash
[0.664s] -- Up-to-date symlink: /home/hoan/colcon_ws/install/open_manipulator_x_gui/share/open_manipulator_x_gui/local_setup.sh
[0.664s] -- Up-to-date symlink: /home/hoan/colcon_ws/install/open_manipulator_x_gui/share/open_manipulator_x_gui/local_setup.zsh
[0.664s] -- Up-to-date symlink: /home/hoan/colcon_ws/install/open_manipulator_x_gui/share/open_manipulator_x_gui/local_setup.dsv
[0.664s] -- Symlinking: /home/hoan/colcon_ws/install/open_manipulator_x_gui/share/open_manipulator_x_gui/package.dsv
[0.695s] -- Up-to-date symlink: /home/hoan/colcon_ws/install/open_manipulator_x_gui/share/ament_index/resource_index/packages/open_manipulator_x_gui
[0.696s] -- Up-to-date symlink: /home/hoan/colcon_ws/install/open_manipulator_x_gui/share/open_manipulator_x_gui/cmake/ament_cmake_export_include_directories-extras.cmake
[0.696s] -- Up-to-date symlink: /home/hoan/colcon_ws/install/open_manipulator_x_gui/share/open_manipulator_x_gui/cmake/ament_cmake_export_libraries-extras.cmake
[0.696s] -- Up-to-date symlink: /home/hoan/colcon_ws/install/open_manipulator_x_gui/share/open_manipulator_x_gui/cmake/open_manipulator_x_guiConfig.cmake
[0.699s] -- Up-to-date symlink: /home/hoan/colcon_ws/install/open_manipulator_x_gui/share/open_manipulator_x_gui/cmake/open_manipulator_x_guiConfig-version.cmake
[0.699s] -- Up-to-date symlink: /home/hoan/colcon_ws/install/open_manipulator_x_gui/share/open_manipulator_x_gui/package.xml
[0.748s] Invoked command in '/home/hoan/colcon_ws/build/open_manipulator_x_gui' returned '0': CMAKE_PREFIX_PATH=${CMAKE_PREFIX_PATH}:/home/hoan/ros2_ws/install/camera_onnx_processor:/opt/ros/humble /usr/bin/cmake --install /home/hoan/colcon_ws/build/open_manipulator_x_gui
