[0.049s] Invoking command in '/home/hoan/colcon_ws/build/open_manipulator_x_teleop': CMAKE_PREFIX_PATH=/home/hoan/colcon_ws/install/open_manipulator_x_moveit_config:/home/hoan/colcon_ws/install/open_manipulator_x_bringup:/home/hoan/colcon_ws/install/open_manipulator_x_description:/home/hoan/colcon_ws/install/open_manipulator:/home/hoan/colcon_ws/install/open_manipulator_x_teleop:/home/hoan/colcon_ws/install/open_manipulator_x_playground:/home/hoan/colcon_ws/install/open_manipulator_x_gui:/home/hoan/colcon_ws/install/dynamixel_sdk_examples:/home/hoan/colcon_ws/install/dynamixel_sdk_custom_interfaces:/home/hoan/colcon_ws/install/dynamixel_hardware_interface:/home/hoan/colcon_ws/install/dynamixel_sdk:/home/hoan/colcon_ws/install/dynamixel_interfaces:/home/hoan/ros2_ws/install/astra_camera:/home/hoan/ros2_ws/install/astra_camera_msgs:/opt/ros/humble /usr/bin/cmake /home/hoan/colcon_ws/src/open_manipulator/open_manipulator_x_teleop -DAMENT_CMAKE_SYMLINK_INSTALL=1 -DCMAKE_INSTALL_PREFIX=/home/hoan/colcon_ws/install/open_manipulator_x_teleop
[0.229s] -- The C compiler identification is GNU 11.4.0
[0.482s] -- The CXX compiler identification is GNU 11.4.0
[0.504s] -- Detecting C compiler ABI info
[0.786s] -- Detecting C compiler ABI info - done
[0.804s] -- Check for working C compiler: /usr/bin/cc - skipped
[0.805s] -- Detecting C compile features
[0.806s] -- Detecting C compile features - done
[0.814s] -- Detecting CXX compiler ABI info
[1.218s] -- Detecting CXX compiler ABI info - done
[1.258s] -- Check for working CXX compiler: /usr/bin/c++ - skipped
[1.259s] -- Detecting CXX compile features
[1.259s] -- Detecting CXX compile features - done
[1.279s] -- Found ament_cmake: 1.3.12 (/opt/ros/humble/share/ament_cmake/cmake)
[1.810s] -- Found Python3: /usr/bin/python3 (found version "3.10.12") found components: Interpreter 
[2.104s] -- Override CMake install command with custom implementation using symlinks instead of copying resources
[2.177s] -- Found rclcpp: 16.0.16 (/opt/ros/humble/share/rclcpp/cmake)
[2.256s] -- Found rosidl_generator_c: 3.1.7 (/opt/ros/humble/share/rosidl_generator_c/cmake)
[2.268s] -- Found rosidl_adapter: 3.1.7 (/opt/ros/humble/share/rosidl_adapter/cmake)
[2.290s] -- Found rosidl_generator_cpp: 3.1.7 (/opt/ros/humble/share/rosidl_generator_cpp/cmake)
[2.317s] -- Using all available rosidl_typesupport_c: rosidl_typesupport_fastrtps_c;rosidl_typesupport_introspection_c
[2.361s] -- Using all available rosidl_typesupport_cpp: rosidl_typesupport_fastrtps_cpp;rosidl_typesupport_introspection_cpp
[2.538s] -- Found rmw_implementation_cmake: 6.1.2 (/opt/ros/humble/share/rmw_implementation_cmake/cmake)
[2.539s] -- Found rmw_fastrtps_cpp: 6.2.9 (/opt/ros/humble/share/rmw_fastrtps_cpp/cmake)
[2.835s] -- Found OpenSSL: /usr/lib/x86_64-linux-gnu/libcrypto.so (found version "3.0.2")  
[2.929s] -- Found FastRTPS: /opt/ros/humble/include  
[3.056s] -- Using RMW implementation 'rmw_fastrtps_cpp' as default
[3.092s] -- Looking for pthread.h
[3.415s] -- Looking for pthread.h - found
[3.416s] -- Performing Test CMAKE_HAVE_LIBC_PTHREAD
[3.675s] -- Performing Test CMAKE_HAVE_LIBC_PTHREAD - Success
[3.685s] -- Found Threads: TRUE  
[3.973s] -- Found open_manipulator_x_bringup: 3.0.4 (/home/hoan/colcon_ws/install/open_manipulator_x_bringup/share/open_manipulator_x_bringup/cmake)
[3.974s] -- Found open_manipulator_x_moveit_config: 3.0.4 (/home/hoan/colcon_ws/install/open_manipulator_x_moveit_config/share/open_manipulator_x_moveit_config/cmake)
[3.977s] -- Found open_manipulator_x_description: 3.0.4 (/home/hoan/colcon_ws/install/open_manipulator_x_description/share/open_manipulator_x_description/cmake)
[3.986s] -- Found geometry_msgs: 4.9.0 (/opt/ros/humble/share/geometry_msgs/cmake)
[4.083s] -- Found nav_msgs: 4.9.0 (/opt/ros/humble/share/nav_msgs/cmake)
[4.170s] -- Found control_msgs: 4.8.0 (/opt/ros/humble/share/control_msgs/cmake)
[4.658s] -- Found std_srvs: 4.9.0 (/opt/ros/humble/share/std_srvs/cmake)
[4.714s] -- Found rclcpp_action: 16.0.16 (/opt/ros/humble/share/rclcpp_action/cmake)
[5.038s] -- Configuring done
[5.113s] -- Generating done
[5.146s] -- Build files have been written to: /home/hoan/colcon_ws/build/open_manipulator_x_teleop
[5.207s] Invoked command in '/home/hoan/colcon_ws/build/open_manipulator_x_teleop' returned '0': CMAKE_PREFIX_PATH=/home/hoan/colcon_ws/install/open_manipulator_x_moveit_config:/home/hoan/colcon_ws/install/open_manipulator_x_bringup:/home/hoan/colcon_ws/install/open_manipulator_x_description:/home/hoan/colcon_ws/install/open_manipulator:/home/hoan/colcon_ws/install/open_manipulator_x_teleop:/home/hoan/colcon_ws/install/open_manipulator_x_playground:/home/hoan/colcon_ws/install/open_manipulator_x_gui:/home/hoan/colcon_ws/install/dynamixel_sdk_examples:/home/hoan/colcon_ws/install/dynamixel_sdk_custom_interfaces:/home/hoan/colcon_ws/install/dynamixel_hardware_interface:/home/hoan/colcon_ws/install/dynamixel_sdk:/home/hoan/colcon_ws/install/dynamixel_interfaces:/home/hoan/ros2_ws/install/astra_camera:/home/hoan/ros2_ws/install/astra_camera_msgs:/opt/ros/humble /usr/bin/cmake /home/hoan/colcon_ws/src/open_manipulator/open_manipulator_x_teleop -DAMENT_CMAKE_SYMLINK_INSTALL=1 -DCMAKE_INSTALL_PREFIX=/home/hoan/colcon_ws/install/open_manipulator_x_teleop
[5.208s] Invoking command in '/home/hoan/colcon_ws/build/open_manipulator_x_teleop': CMAKE_PREFIX_PATH=/home/hoan/colcon_ws/install/open_manipulator_x_moveit_config:/home/hoan/colcon_ws/install/open_manipulator_x_bringup:/home/hoan/colcon_ws/install/open_manipulator_x_description:/home/hoan/colcon_ws/install/open_manipulator:/home/hoan/colcon_ws/install/open_manipulator_x_teleop:/home/hoan/colcon_ws/install/open_manipulator_x_playground:/home/hoan/colcon_ws/install/open_manipulator_x_gui:/home/hoan/colcon_ws/install/dynamixel_sdk_examples:/home/hoan/colcon_ws/install/dynamixel_sdk_custom_interfaces:/home/hoan/colcon_ws/install/dynamixel_hardware_interface:/home/hoan/colcon_ws/install/dynamixel_sdk:/home/hoan/colcon_ws/install/dynamixel_interfaces:/home/hoan/ros2_ws/install/astra_camera:/home/hoan/ros2_ws/install/astra_camera_msgs:/opt/ros/humble /usr/bin/cmake --build /home/hoan/colcon_ws/build/open_manipulator_x_teleop -- -j8 -l8
[5.428s] [ 50%] [32mBuilding CXX object CMakeFiles/open_manipulator_x_teleop.dir/src/open_manipulator_x_teleop.cpp.o[0m
[22.026s] [100%] [32m[1mLinking CXX executable open_manipulator_x_teleop[0m
[22.800s] [100%] Built target open_manipulator_x_teleop
[22.837s] Invoked command in '/home/hoan/colcon_ws/build/open_manipulator_x_teleop' returned '0': CMAKE_PREFIX_PATH=/home/hoan/colcon_ws/install/open_manipulator_x_moveit_config:/home/hoan/colcon_ws/install/open_manipulator_x_bringup:/home/hoan/colcon_ws/install/open_manipulator_x_description:/home/hoan/colcon_ws/install/open_manipulator:/home/hoan/colcon_ws/install/open_manipulator_x_teleop:/home/hoan/colcon_ws/install/open_manipulator_x_playground:/home/hoan/colcon_ws/install/open_manipulator_x_gui:/home/hoan/colcon_ws/install/dynamixel_sdk_examples:/home/hoan/colcon_ws/install/dynamixel_sdk_custom_interfaces:/home/hoan/colcon_ws/install/dynamixel_hardware_interface:/home/hoan/colcon_ws/install/dynamixel_sdk:/home/hoan/colcon_ws/install/dynamixel_interfaces:/home/hoan/ros2_ws/install/astra_camera:/home/hoan/ros2_ws/install/astra_camera_msgs:/opt/ros/humble /usr/bin/cmake --build /home/hoan/colcon_ws/build/open_manipulator_x_teleop -- -j8 -l8
[22.838s] Invoking command in '/home/hoan/colcon_ws/build/open_manipulator_x_teleop': CMAKE_PREFIX_PATH=/home/hoan/colcon_ws/install/open_manipulator_x_moveit_config:/home/hoan/colcon_ws/install/open_manipulator_x_bringup:/home/hoan/colcon_ws/install/open_manipulator_x_description:/home/hoan/colcon_ws/install/open_manipulator:/home/hoan/colcon_ws/install/open_manipulator_x_teleop:/home/hoan/colcon_ws/install/open_manipulator_x_playground:/home/hoan/colcon_ws/install/open_manipulator_x_gui:/home/hoan/colcon_ws/install/dynamixel_sdk_examples:/home/hoan/colcon_ws/install/dynamixel_sdk_custom_interfaces:/home/hoan/colcon_ws/install/dynamixel_hardware_interface:/home/hoan/colcon_ws/install/dynamixel_sdk:/home/hoan/colcon_ws/install/dynamixel_interfaces:/home/hoan/ros2_ws/install/astra_camera:/home/hoan/ros2_ws/install/astra_camera_msgs:/opt/ros/humble /usr/bin/cmake --install /home/hoan/colcon_ws/build/open_manipulator_x_teleop
[22.858s] -- Install configuration: ""
[22.858s] -- Execute custom install script
[22.858s] -- Symlinking: /home/hoan/colcon_ws/install/open_manipulator_x_teleop/lib/open_manipulator_x_teleop/open_manipulator_x_teleop
[22.875s] -- Symlinking: /home/hoan/colcon_ws/install/open_manipulator_x_teleop/share/ament_index/resource_index/package_run_dependencies/open_manipulator_x_teleop
[22.894s] -- Symlinking: /home/hoan/colcon_ws/install/open_manipulator_x_teleop/share/ament_index/resource_index/parent_prefix_path/open_manipulator_x_teleop
[22.915s] -- Symlinking: /home/hoan/colcon_ws/install/open_manipulator_x_teleop/share/open_manipulator_x_teleop/environment/ament_prefix_path.sh
[22.939s] -- Symlinking: /home/hoan/colcon_ws/install/open_manipulator_x_teleop/share/open_manipulator_x_teleop/environment/ament_prefix_path.dsv
[22.960s] -- Symlinking: /home/hoan/colcon_ws/install/open_manipulator_x_teleop/share/open_manipulator_x_teleop/environment/path.sh
[22.981s] -- Symlinking: /home/hoan/colcon_ws/install/open_manipulator_x_teleop/share/open_manipulator_x_teleop/environment/path.dsv
[23.001s] -- Symlinking: /home/hoan/colcon_ws/install/open_manipulator_x_teleop/share/open_manipulator_x_teleop/local_setup.bash
[23.024s] -- Symlinking: /home/hoan/colcon_ws/install/open_manipulator_x_teleop/share/open_manipulator_x_teleop/local_setup.sh
[23.045s] -- Symlinking: /home/hoan/colcon_ws/install/open_manipulator_x_teleop/share/open_manipulator_x_teleop/local_setup.zsh
[23.069s] -- Symlinking: /home/hoan/colcon_ws/install/open_manipulator_x_teleop/share/open_manipulator_x_teleop/local_setup.dsv
[23.092s] -- Symlinking: /home/hoan/colcon_ws/install/open_manipulator_x_teleop/share/open_manipulator_x_teleop/package.dsv
[23.114s] -- Symlinking: /home/hoan/colcon_ws/install/open_manipulator_x_teleop/share/ament_index/resource_index/packages/open_manipulator_x_teleop
[23.140s] -- Symlinking: /home/hoan/colcon_ws/install/open_manipulator_x_teleop/share/open_manipulator_x_teleop/cmake/open_manipulator_x_teleopConfig.cmake
[23.162s] -- Symlinking: /home/hoan/colcon_ws/install/open_manipulator_x_teleop/share/open_manipulator_x_teleop/cmake/open_manipulator_x_teleopConfig-version.cmake
[23.184s] -- Symlinking: /home/hoan/colcon_ws/install/open_manipulator_x_teleop/share/open_manipulator_x_teleop/package.xml
[23.207s] Invoked command in '/home/hoan/colcon_ws/build/open_manipulator_x_teleop' returned '0': CMAKE_PREFIX_PATH=/home/hoan/colcon_ws/install/open_manipulator_x_moveit_config:/home/hoan/colcon_ws/install/open_manipulator_x_bringup:/home/hoan/colcon_ws/install/open_manipulator_x_description:/home/hoan/colcon_ws/install/open_manipulator:/home/hoan/colcon_ws/install/open_manipulator_x_teleop:/home/hoan/colcon_ws/install/open_manipulator_x_playground:/home/hoan/colcon_ws/install/open_manipulator_x_gui:/home/hoan/colcon_ws/install/dynamixel_sdk_examples:/home/hoan/colcon_ws/install/dynamixel_sdk_custom_interfaces:/home/hoan/colcon_ws/install/dynamixel_hardware_interface:/home/hoan/colcon_ws/install/dynamixel_sdk:/home/hoan/colcon_ws/install/dynamixel_interfaces:/home/hoan/ros2_ws/install/astra_camera:/home/hoan/ros2_ws/install/astra_camera_msgs:/opt/ros/humble /usr/bin/cmake --install /home/hoan/colcon_ws/build/open_manipulator_x_teleop
