[0.024s] Invoking command in '/home/hoan/colcon_ws/build/open_manipulator': CMAKE_PREFIX_PATH=/home/hoan/colcon_ws/install/open_manipulator_x_teleop:/home/hoan/colcon_ws/install/open_manipulator_x_moveit_config:/home/hoan/colcon_ws/install/open_manipulator_x_bringup:/home/hoan/colcon_ws/install/open_manipulator_x_playground:/home/hoan/colcon_ws/install/open_manipulator_x_gui:/home/hoan/colcon_ws/install/open_manipulator_x_description:/home/hoan/colcon_ws/install/open_manipulator:/home/hoan/colcon_ws/install/dynamixel_sdk_examples:/home/hoan/colcon_ws/install/dynamixel_sdk_custom_interfaces:/home/hoan/colcon_ws/install/dynamixel_hardware_interface:/home/hoan/colcon_ws/install/dynamixel_sdk:/home/hoan/colcon_ws/install/dynamixel_interfaces:/home/hoan/ros2_ws/install/astra_camera:/home/hoan/ros2_ws/install/astra_camera_msgs:/opt/ros/humble /usr/bin/cmake --build /home/hoan/colcon_ws/build/open_manipulator -- -j8 -l8
[0.083s] Invoked command in '/home/hoan/colcon_ws/build/open_manipulator' returned '0': CMAKE_PREFIX_PATH=/home/hoan/colcon_ws/install/open_manipulator_x_teleop:/home/hoan/colcon_ws/install/open_manipulator_x_moveit_config:/home/hoan/colcon_ws/install/open_manipulator_x_bringup:/home/hoan/colcon_ws/install/open_manipulator_x_playground:/home/hoan/colcon_ws/install/open_manipulator_x_gui:/home/hoan/colcon_ws/install/open_manipulator_x_description:/home/hoan/colcon_ws/install/open_manipulator:/home/hoan/colcon_ws/install/dynamixel_sdk_examples:/home/hoan/colcon_ws/install/dynamixel_sdk_custom_interfaces:/home/hoan/colcon_ws/install/dynamixel_hardware_interface:/home/hoan/colcon_ws/install/dynamixel_sdk:/home/hoan/colcon_ws/install/dynamixel_interfaces:/home/hoan/ros2_ws/install/astra_camera:/home/hoan/ros2_ws/install/astra_camera_msgs:/opt/ros/humble /usr/bin/cmake --build /home/hoan/colcon_ws/build/open_manipulator -- -j8 -l8
[0.085s] Invoking command in '/home/hoan/colcon_ws/build/open_manipulator': CMAKE_PREFIX_PATH=/home/hoan/colcon_ws/install/open_manipulator_x_teleop:/home/hoan/colcon_ws/install/open_manipulator_x_moveit_config:/home/hoan/colcon_ws/install/open_manipulator_x_bringup:/home/hoan/colcon_ws/install/open_manipulator_x_playground:/home/hoan/colcon_ws/install/open_manipulator_x_gui:/home/hoan/colcon_ws/install/open_manipulator_x_description:/home/hoan/colcon_ws/install/open_manipulator:/home/hoan/colcon_ws/install/dynamixel_sdk_examples:/home/hoan/colcon_ws/install/dynamixel_sdk_custom_interfaces:/home/hoan/colcon_ws/install/dynamixel_hardware_interface:/home/hoan/colcon_ws/install/dynamixel_sdk:/home/hoan/colcon_ws/install/dynamixel_interfaces:/home/hoan/ros2_ws/install/astra_camera:/home/hoan/ros2_ws/install/astra_camera_msgs:/opt/ros/humble /usr/bin/cmake --install /home/hoan/colcon_ws/build/open_manipulator
[0.095s] -- Install configuration: ""
[0.096s] -- Execute custom install script
[0.097s] -- Up-to-date symlink: /home/hoan/colcon_ws/install/open_manipulator/share/ament_index/resource_index/package_run_dependencies/open_manipulator
[0.097s] -- Up-to-date symlink: /home/hoan/colcon_ws/install/open_manipulator/share/ament_index/resource_index/parent_prefix_path/open_manipulator
[0.098s] -- Up-to-date symlink: /home/hoan/colcon_ws/install/open_manipulator/share/open_manipulator/environment/ament_prefix_path.sh
[0.099s] -- Up-to-date symlink: /home/hoan/colcon_ws/install/open_manipulator/share/open_manipulator/environment/ament_prefix_path.dsv
[0.099s] -- Up-to-date symlink: /home/hoan/colcon_ws/install/open_manipulator/share/open_manipulator/environment/path.sh
[0.100s] -- Up-to-date symlink: /home/hoan/colcon_ws/install/open_manipulator/share/open_manipulator/environment/path.dsv
[0.101s] -- Up-to-date symlink: /home/hoan/colcon_ws/install/open_manipulator/share/open_manipulator/local_setup.bash
[0.101s] -- Up-to-date symlink: /home/hoan/colcon_ws/install/open_manipulator/share/open_manipulator/local_setup.sh
[0.101s] -- Up-to-date symlink: /home/hoan/colcon_ws/install/open_manipulator/share/open_manipulator/local_setup.zsh
[0.101s] -- Up-to-date symlink: /home/hoan/colcon_ws/install/open_manipulator/share/open_manipulator/local_setup.dsv
[0.101s] -- Symlinking: /home/hoan/colcon_ws/install/open_manipulator/share/open_manipulator/package.dsv
[0.116s] -- Up-to-date symlink: /home/hoan/colcon_ws/install/open_manipulator/share/ament_index/resource_index/packages/open_manipulator
[0.116s] -- Up-to-date symlink: /home/hoan/colcon_ws/install/open_manipulator/share/open_manipulator/cmake/open_manipulatorConfig.cmake
[0.116s] -- Up-to-date symlink: /home/hoan/colcon_ws/install/open_manipulator/share/open_manipulator/cmake/open_manipulatorConfig-version.cmake
[0.116s] -- Up-to-date symlink: /home/hoan/colcon_ws/install/open_manipulator/share/open_manipulator/package.xml
[0.119s] Invoked command in '/home/hoan/colcon_ws/build/open_manipulator' returned '0': CMAKE_PREFIX_PATH=/home/hoan/colcon_ws/install/open_manipulator_x_teleop:/home/hoan/colcon_ws/install/open_manipulator_x_moveit_config:/home/hoan/colcon_ws/install/open_manipulator_x_bringup:/home/hoan/colcon_ws/install/open_manipulator_x_playground:/home/hoan/colcon_ws/install/open_manipulator_x_gui:/home/hoan/colcon_ws/install/open_manipulator_x_description:/home/hoan/colcon_ws/install/open_manipulator:/home/hoan/colcon_ws/install/dynamixel_sdk_examples:/home/hoan/colcon_ws/install/dynamixel_sdk_custom_interfaces:/home/hoan/colcon_ws/install/dynamixel_hardware_interface:/home/hoan/colcon_ws/install/dynamixel_sdk:/home/hoan/colcon_ws/install/dynamixel_interfaces:/home/hoan/ros2_ws/install/astra_camera:/home/hoan/ros2_ws/install/astra_camera_msgs:/opt/ros/humble /usr/bin/cmake --install /home/hoan/colcon_ws/build/open_manipulator
